[ 2014-06-23T21:31:35+08:00 ] 127.0.0.1 /
INFO: [ app_init ] --START--
INFO: Run Behavior\BuildLiteBehavior [ RunTime:0.000022s ]
INFO: [ app_init ] --END-- [ RunTime:0.000404s ]
INFO: [ app_begin ] --START--
INFO: Run Behavior\ReadHtmlCacheBehavior [ RunTime:0.000543s ]
INFO: [ app_begin ] --END-- [ RunTime:0.000619s ]
INFO: [ view_parse ] --START--
INFO: [ template_filter ] --START--
INFO: Run Behavior\ContentReplaceBehavior [ RunTime:0.000047s ]
INFO: [ template_filter ] --END-- [ RunTime:0.000133s ]
INFO: Run Behavior\ParseTemplateBehavior [ RunTime:0.006306s ]
INFO: [ view_parse ] --END-- [ RunTime:0.006385s ]
INFO: [ view_filter ] --START--
INFO: Run Behavior\WriteHtmlCacheBehavior [ RunTime:0.000292s ]
INFO: [ view_filter ] --END-- [ RunTime:0.000358s ]
INFO: [ app_end ] --START--
INFO: Run Behavior\ShowPageTraceBehavior [ RunTime:0.000527s ]
INFO: [ app_end ] --END-- [ RunTime:0.000598s ]

[ 2014-06-23T21:31:35+08:00 ] 127.0.0.1 /index.php?m=Home&c=Index&a=left
INFO: [ app_init ] --START--
INFO: Run Behavior\BuildLiteBehavior [ RunTime:0.000035s ]
INFO: [ app_init ] --END-- [ RunTime:0.000632s ]
INFO: [ app_begin ] --START--
INFO: Run Behavior\ReadHtmlCacheBehavior [ RunTime:0.000842s ]
INFO: [ app_begin ] --END-- [ RunTime:0.000981s ]
INFO: [ view_parse ] --START--
INFO: [ template_filter ] --START--
INFO: Run Behavior\ContentReplaceBehavior [ RunTime:0.000110s ]
INFO: [ template_filter ] --END-- [ RunTime:0.000253s ]
INFO: Run Behavior\ParseTemplateBehavior [ RunTime:0.045077s ]
INFO: [ view_parse ] --END-- [ RunTime:0.045721s ]
INFO: [ view_filter ] --START--
INFO: Run Behavior\WriteHtmlCacheBehavior [ RunTime:0.000385s ]
INFO: [ view_filter ] --END-- [ RunTime:0.000462s ]
INFO: [ app_end ] --START--
INFO: Run Behavior\ShowPageTraceBehavior [ RunTime:0.000535s ]
INFO: [ app_end ] --END-- [ RunTime:0.000629s ]

[ 2014-06-23T21:31:35+08:00 ] 127.0.0.1 /index.php?m=Home&c=Index&a=footer
INFO: [ app_init ] --START--
INFO: Run Behavior\BuildLiteBehavior [ RunTime:0.000032s ]
INFO: [ app_init ] --END-- [ RunTime:0.000612s ]
INFO: [ app_begin ] --START--
INFO: Run Behavior\ReadHtmlCacheBehavior [ RunTime:0.000849s ]
INFO: [ app_begin ] --END-- [ RunTime:0.000991s ]
INFO: [ view_parse ] --START--
INFO: [ template_filter ] --START--
INFO: Run Behavior\ContentReplaceBehavior [ RunTime:0.000051s ]
INFO: [ template_filter ] --END-- [ RunTime:0.000152s ]
INFO: Run Behavior\ParseTemplateBehavior [ RunTime:0.008906s ]
INFO: [ view_parse ] --END-- [ RunTime:0.009060s ]
INFO: [ view_filter ] --START--
INFO: Run Behavior\WriteHtmlCacheBehavior [ RunTime:0.000453s ]
INFO: [ view_filter ] --END-- [ RunTime:0.000554s ]
INFO: [ app_end ] --START--
INFO: Run Behavior\ShowPageTraceBehavior [ RunTime:0.000587s ]
INFO: [ app_end ] --END-- [ RunTime:0.000663s ]

[ 2014-06-23T21:31:35+08:00 ] 127.0.0.1 /index.php?m=Home&c=Index&a=spe
INFO: [ app_init ] --START--
INFO: Run Behavior\BuildLiteBehavior [ RunTime:0.000049s ]
INFO: [ app_init ] --END-- [ RunTime:0.002220s ]
INFO: [ app_begin ] --START--
INFO: Run Behavior\ReadHtmlCacheBehavior [ RunTime:0.000826s ]
INFO: [ app_begin ] --END-- [ RunTime:0.000965s ]
INFO: [ view_parse ] --START--
INFO: [ template_filter ] --START--
INFO: Run Behavior\ContentReplaceBehavior [ RunTime:0.000071s ]
INFO: [ template_filter ] --END-- [ RunTime:0.000213s ]
INFO: Run Behavior\ParseTemplateBehavior [ RunTime:0.018387s ]
INFO: [ view_parse ] --END-- [ RunTime:0.018556s ]
INFO: [ view_filter ] --START--
INFO: Run Behavior\WriteHtmlCacheBehavior [ RunTime:0.000900s ]
INFO: [ view_filter ] --END-- [ RunTime:0.001572s ]
INFO: [ app_end ] --START--
INFO: Run Behavior\ShowPageTraceBehavior [ RunTime:0.001153s ]
INFO: [ app_end ] --END-- [ RunTime:0.001277s ]

[ 2014-06-23T21:31:35+08:00 ] 127.0.0.1 /index.php?m=Home&c=Index&a=header
INFO: [ app_init ] --START--
INFO: Run Behavior\BuildLiteBehavior [ RunTime:0.000063s ]
INFO: [ app_init ] --END-- [ RunTime:0.000622s ]
INFO: [ app_begin ] --START--
INFO: Run Behavior\ReadHtmlCacheBehavior [ RunTime:0.000701s ]
INFO: [ app_begin ] --END-- [ RunTime:0.000860s ]
INFO: [ view_parse ] --START--
INFO: [ template_filter ] --START--
INFO: Run Behavior\ContentReplaceBehavior [ RunTime:0.000080s ]
INFO: [ template_filter ] --END-- [ RunTime:0.000240s ]
INFO: Run Behavior\ParseTemplateBehavior [ RunTime:0.008212s ]
INFO: [ view_parse ] --END-- [ RunTime:0.008368s ]
INFO: [ view_filter ] --START--
INFO: Run Behavior\WriteHtmlCacheBehavior [ RunTime:0.000322s ]
INFO: [ view_filter ] --END-- [ RunTime:0.000437s ]
INFO: [ app_end ] --START--
INFO: Run Behavior\ShowPageTraceBehavior [ RunTime:0.000685s ]
INFO: [ app_end ] --END-- [ RunTime:0.000827s ]

[ 2014-06-23T21:31:35+08:00 ] 127.0.0.1 /index.php?m=Home&c=Index&a=main
INFO: [ app_init ] --START--
INFO: Run Behavior\BuildLiteBehavior [ RunTime:0.000030s ]
INFO: [ app_init ] --END-- [ RunTime:0.000612s ]
INFO: [ app_begin ] --START--
INFO: Run Behavior\ReadHtmlCacheBehavior [ RunTime:0.000994s ]
INFO: [ app_begin ] --END-- [ RunTime:0.001160s ]
NOTIC: [8] Use of undefined constant WEB_ROOT - assumed 'WEB_ROOT' E:\wamp\www\self_admin\Apps\Home\Controller\IndexController.class.php 第 33 行.
INFO: [ view_parse ] --START--
INFO: [ template_filter ] --START--
INFO: Run Behavior\ContentReplaceBehavior [ RunTime:0.000103s ]
INFO: [ template_filter ] --END-- [ RunTime:0.000248s ]
INFO: Run Behavior\ParseTemplateBehavior [ RunTime:0.012933s ]
INFO: [ view_parse ] --END-- [ RunTime:0.013073s ]
INFO: [ view_filter ] --START--
INFO: Run Behavior\WriteHtmlCacheBehavior [ RunTime:0.000459s ]
INFO: [ view_filter ] --END-- [ RunTime:0.000581s ]
INFO: [ app_end ] --START--
INFO: Run Behavior\ShowPageTraceBehavior [ RunTime:0.000642s ]
INFO: [ app_end ] --END-- [ RunTime:0.000740s ]

[ 2014-06-23T21:31:37+08:00 ] 127.0.0.1 /index.php?c=order&a=add
INFO: [ app_init ] --START--
INFO: Run Behavior\BuildLiteBehavior [ RunTime:0.000024s ]
INFO: [ app_init ] --END-- [ RunTime:0.000498s ]
INFO: [ app_begin ] --START--
INFO: Run Behavior\ReadHtmlCacheBehavior [ RunTime:0.000435s ]
INFO: [ app_begin ] --END-- [ RunTime:0.000522s ]
NOTIC: [2048] Only variables should be assigned by reference E:\wamp\www\self_admin\Apps\Home\Controller\CommonController.class.php 第 20 行.
NOTIC: [2048] Only variables should be assigned by reference E:\wamp\www\self_admin\Apps\Home\Controller\CommonController.class.php 第 21 行.
NOTIC: [8] Undefined index: order_products E:\wamp\www\self_admin\Apps\Home\Controller\OrderController.class.php 第 10 行.
INFO: [ view_parse ] --START--
INFO: [ template_filter ] --START--
INFO: Run Behavior\ContentReplaceBehavior [ RunTime:0.000113s ]
INFO: [ template_filter ] --END-- [ RunTime:0.000200s ]
INFO: Run Behavior\ParseTemplateBehavior [ RunTime:0.026184s ]
INFO: [ view_parse ] --END-- [ RunTime:0.026311s ]
INFO: [ view_filter ] --START--
INFO: Run Behavior\WriteHtmlCacheBehavior [ RunTime:0.000234s ]
INFO: [ view_filter ] --END-- [ RunTime:0.000310s ]
INFO: [ app_end ] --START--
INFO: Run Behavior\ShowPageTraceBehavior [ RunTime:0.000465s ]
INFO: [ app_end ] --END-- [ RunTime:0.000556s ]

[ 2014-06-23T21:36:08+08:00 ] 127.0.0.1 /index.php?c=order&a=list
INFO: [ app_init ] --START--
INFO: Run Behavior\BuildLiteBehavior [ RunTime:0.000020s ]
INFO: [ app_init ] --END-- [ RunTime:0.000390s ]
INFO: [ app_begin ] --START--
INFO: Run Behavior\ReadHtmlCacheBehavior [ RunTime:0.000530s ]
INFO: [ app_begin ] --END-- [ RunTime:0.000606s ]
NOTIC: [2048] Only variables should be assigned by reference E:\wamp\www\self_admin\Apps\Home\Controller\CommonController.class.php 第 20 行.
NOTIC: [2048] Only variables should be assigned by reference E:\wamp\www\self_admin\Apps\Home\Controller\CommonController.class.php 第 21 行.
ERR: 非法操作:list

[ 2014-06-23T21:36:10+08:00 ] 127.0.0.1 /index.php?c=order&a=add
INFO: [ app_init ] --START--
INFO: Run Behavior\BuildLiteBehavior [ RunTime:0.000021s ]
INFO: [ app_init ] --END-- [ RunTime:0.000344s ]
INFO: [ app_begin ] --START--
INFO: Run Behavior\ReadHtmlCacheBehavior [ RunTime:0.000654s ]
INFO: [ app_begin ] --END-- [ RunTime:0.000774s ]
NOTIC: [2048] Only variables should be assigned by reference E:\wamp\www\self_admin\Apps\Home\Controller\CommonController.class.php 第 20 行.
NOTIC: [2048] Only variables should be assigned by reference E:\wamp\www\self_admin\Apps\Home\Controller\CommonController.class.php 第 21 行.
NOTIC: [8] Undefined index: order_products E:\wamp\www\self_admin\Apps\Home\Controller\OrderController.class.php 第 10 行.
INFO: [ view_parse ] --START--
INFO: [ template_filter ] --START--
INFO: Run Behavior\ContentReplaceBehavior [ RunTime:0.000107s ]
INFO: [ template_filter ] --END-- [ RunTime:0.000188s ]
INFO: Run Behavior\ParseTemplateBehavior [ RunTime:0.013201s ]
INFO: [ view_parse ] --END-- [ RunTime:0.013327s ]
INFO: [ view_filter ] --START--
INFO: Run Behavior\WriteHtmlCacheBehavior [ RunTime:0.000358s ]
INFO: [ view_filter ] --END-- [ RunTime:0.000450s ]
INFO: [ app_end ] --START--
INFO: Run Behavior\ShowPageTraceBehavior [ RunTime:0.000570s ]
INFO: [ app_end ] --END-- [ RunTime:0.000650s ]

[ 2014-06-23T21:38:20+08:00 ] 127.0.0.1 /
INFO: [ app_init ] --START--
INFO: Run Behavior\BuildLiteBehavior [ RunTime:0.000061s ]
INFO: [ app_init ] --END-- [ RunTime:0.001217s ]
INFO: [ app_begin ] --START--
INFO: Run Behavior\ReadHtmlCacheBehavior [ RunTime:0.000998s ]
INFO: [ app_begin ] --END-- [ RunTime:0.001146s ]
INFO: [ view_parse ] --START--
INFO: [ template_filter ] --START--
INFO: Run Behavior\ContentReplaceBehavior [ RunTime:0.000046s ]
INFO: [ template_filter ] --END-- [ RunTime:0.000125s ]
INFO: Run Behavior\ParseTemplateBehavior [ RunTime:0.005971s ]
INFO: [ view_parse ] --END-- [ RunTime:0.006057s ]
INFO: [ view_filter ] --START--
INFO: Run Behavior\WriteHtmlCacheBehavior [ RunTime:0.000278s ]
INFO: [ view_filter ] --END-- [ RunTime:0.000345s ]
INFO: [ app_end ] --START--
INFO: Run Behavior\ShowPageTraceBehavior [ RunTime:0.000510s ]
INFO: [ app_end ] --END-- [ RunTime:0.000580s ]

[ 2014-06-23T21:38:20+08:00 ] 127.0.0.1 /index.php?m=Home&c=Index&a=header
INFO: [ app_init ] --START--
INFO: Run Behavior\BuildLiteBehavior [ RunTime:0.000034s ]
INFO: [ app_init ] --END-- [ RunTime:0.000504s ]
INFO: [ app_begin ] --START--
INFO: Run Behavior\ReadHtmlCacheBehavior [ RunTime:0.000649s ]
INFO: [ app_begin ] --END-- [ RunTime:0.000773s ]
INFO: [ view_parse ] --START--
INFO: [ template_filter ] --START--
INFO: Run Behavior\ContentReplaceBehavior [ RunTime:0.000081s ]
INFO: [ template_filter ] --END-- [ RunTime:0.000218s ]
INFO: Run Behavior\ParseTemplateBehavior [ RunTime:0.007887s ]
INFO: [ view_parse ] --END-- [ RunTime:0.008023s ]
INFO: [ view_filter ] --START--
INFO: Run Behavior\WriteHtmlCacheBehavior [ RunTime:0.000263s ]
INFO: [ view_filter ] --END-- [ RunTime:0.000377s ]
INFO: [ app_end ] --START--
INFO: Run Behavior\ShowPageTraceBehavior [ RunTime:0.001214s ]
INFO: [ app_end ] --END-- [ RunTime:0.001359s ]

[ 2014-06-23T21:38:20+08:00 ] 127.0.0.1 /index.php?m=Home&c=Index&a=spe
INFO: [ app_init ] --START--
INFO: Run Behavior\BuildLiteBehavior [ RunTime:0.000035s ]
INFO: [ app_init ] --END-- [ RunTime:0.000547s ]
INFO: [ app_begin ] --START--
INFO: Run Behavior\ReadHtmlCacheBehavior [ RunTime:0.001110s ]
INFO: [ app_begin ] --END-- [ RunTime:0.001251s ]
INFO: [ view_parse ] --START--
INFO: [ template_filter ] --START--
INFO: Run Behavior\ContentReplaceBehavior [ RunTime:0.000048s ]
INFO: [ template_filter ] --END-- [ RunTime:0.000138s ]
INFO: Run Behavior\ParseTemplateBehavior [ RunTime:0.006769s ]
INFO: [ view_parse ] --END-- [ RunTime:0.006904s ]
INFO: [ view_filter ] --START--
INFO: Run Behavior\WriteHtmlCacheBehavior [ RunTime:0.000457s ]
INFO: [ view_filter ] --END-- [ RunTime:0.000577s ]
INFO: [ app_end ] --START--
INFO: Run Behavior\ShowPageTraceBehavior [ RunTime:0.000809s ]
INFO: [ app_end ] --END-- [ RunTime:0.000928s ]

[ 2014-06-23T21:38:20+08:00 ] 127.0.0.1 /index.php?m=Home&c=Index&a=main
INFO: [ app_init ] --START--
INFO: Run Behavior\BuildLiteBehavior [ RunTime:0.000031s ]
INFO: [ app_init ] --END-- [ RunTime:0.000574s ]
INFO: [ app_begin ] --START--
INFO: Run Behavior\ReadHtmlCacheBehavior [ RunTime:0.002523s ]
INFO: [ app_begin ] --END-- [ RunTime:0.002661s ]
NOTIC: [8] Use of undefined constant WEB_ROOT - assumed 'WEB_ROOT' E:\wamp\www\self_admin\Apps\Home\Controller\IndexController.class.php 第 33 行.
INFO: [ view_parse ] --START--
INFO: [ template_filter ] --START--
INFO: Run Behavior\ContentReplaceBehavior [ RunTime:0.000098s ]
INFO: [ template_filter ] --END-- [ RunTime:0.000242s ]
INFO: Run Behavior\ParseTemplateBehavior [ RunTime:0.012281s ]
INFO: [ view_parse ] --END-- [ RunTime:0.012448s ]
INFO: [ view_filter ] --START--
INFO: Run Behavior\WriteHtmlCacheBehavior [ RunTime:0.000543s ]
INFO: [ view_filter ] --END-- [ RunTime:0.000646s ]
INFO: [ app_end ] --START--
INFO: Run Behavior\ShowPageTraceBehavior [ RunTime:0.000542s ]
INFO: [ app_end ] --END-- [ RunTime:0.000622s ]

[ 2014-06-23T21:38:20+08:00 ] 127.0.0.1 /index.php?m=Home&c=Index&a=footer
INFO: [ app_init ] --START--
INFO: Run Behavior\BuildLiteBehavior [ RunTime:0.000035s ]
INFO: [ app_init ] --END-- [ RunTime:0.000599s ]
INFO: [ app_begin ] --START--
INFO: Run Behavior\ReadHtmlCacheBehavior [ RunTime:0.000810s ]
INFO: [ app_begin ] --END-- [ RunTime:0.000921s ]
INFO: [ view_parse ] --START--
INFO: [ template_filter ] --START--
INFO: Run Behavior\ContentReplaceBehavior [ RunTime:0.000045s ]
INFO: [ template_filter ] --END-- [ RunTime:0.000137s ]
INFO: Run Behavior\ParseTemplateBehavior [ RunTime:0.007189s ]
INFO: [ view_parse ] --END-- [ RunTime:0.007348s ]
INFO: [ view_filter ] --START--
INFO: Run Behavior\WriteHtmlCacheBehavior [ RunTime:0.000289s ]
INFO: [ view_filter ] --END-- [ RunTime:0.000355s ]
INFO: [ app_end ] --START--
INFO: Run Behavior\ShowPageTraceBehavior [ RunTime:0.000519s ]
INFO: [ app_end ] --END-- [ RunTime:0.000594s ]

[ 2014-06-23T21:38:20+08:00 ] 127.0.0.1 /index.php?m=Home&c=Index&a=left
INFO: [ app_init ] --START--
INFO: Run Behavior\BuildLiteBehavior [ RunTime:0.000027s ]
INFO: [ app_init ] --END-- [ RunTime:0.000542s ]
INFO: [ app_begin ] --START--
INFO: Run Behavior\ReadHtmlCacheBehavior [ RunTime:0.000610s ]
INFO: [ app_begin ] --END-- [ RunTime:0.000745s ]
INFO: [ view_parse ] --START--
INFO: [ template_filter ] --START--
INFO: Run Behavior\ContentReplaceBehavior [ RunTime:0.000119s ]
INFO: [ template_filter ] --END-- [ RunTime:0.000261s ]
INFO: Run Behavior\ParseTemplateBehavior [ RunTime:0.007945s ]
INFO: [ view_parse ] --END-- [ RunTime:0.008074s ]
INFO: [ view_filter ] --START--
INFO: Run Behavior\WriteHtmlCacheBehavior [ RunTime:0.000339s ]
INFO: [ view_filter ] --END-- [ RunTime:0.000421s ]
INFO: [ app_end ] --START--
INFO: Run Behavior\ShowPageTraceBehavior [ RunTime:0.000537s ]
INFO: [ app_end ] --END-- [ RunTime:0.000613s ]

[ 2014-06-23T21:38:22+08:00 ] 127.0.0.1 /index.php?c=order&a=add
INFO: [ app_init ] --START--
INFO: Run Behavior\BuildLiteBehavior [ RunTime:0.000019s ]
INFO: [ app_init ] --END-- [ RunTime:0.000326s ]
INFO: [ app_begin ] --START--
INFO: Run Behavior\ReadHtmlCacheBehavior [ RunTime:0.000558s ]
INFO: [ app_begin ] --END-- [ RunTime:0.000669s ]
NOTIC: [2048] Only variables should be assigned by reference E:\wamp\www\self_admin\Apps\Home\Controller\CommonController.class.php 第 20 行.
NOTIC: [2048] Only variables should be assigned by reference E:\wamp\www\self_admin\Apps\Home\Controller\CommonController.class.php 第 21 行.
NOTIC: [8] Undefined index: order_products E:\wamp\www\self_admin\Apps\Home\Controller\OrderController.class.php 第 10 行.
INFO: [ view_parse ] --START--
INFO: [ template_filter ] --START--
INFO: Run Behavior\ContentReplaceBehavior [ RunTime:0.000108s ]
INFO: [ template_filter ] --END-- [ RunTime:0.000191s ]
INFO: Run Behavior\ParseTemplateBehavior [ RunTime:0.012254s ]
INFO: [ view_parse ] --END-- [ RunTime:0.012348s ]
INFO: [ view_filter ] --START--
INFO: Run Behavior\WriteHtmlCacheBehavior [ RunTime:0.000195s ]
INFO: [ view_filter ] --END-- [ RunTime:0.000262s ]
INFO: [ app_end ] --START--
INFO: Run Behavior\ShowPageTraceBehavior [ RunTime:0.000669s ]
INFO: [ app_end ] --END-- [ RunTime:0.000778s ]

[ 2014-06-23T21:38:35+08:00 ] 127.0.0.1 /index.php?c=order&a=add
INFO: [ app_init ] --START--
INFO: Run Behavior\BuildLiteBehavior [ RunTime:0.000023s ]
INFO: [ app_init ] --END-- [ RunTime:0.000371s ]
INFO: [ app_begin ] --START--
INFO: Run Behavior\ReadHtmlCacheBehavior [ RunTime:0.000453s ]
INFO: [ app_begin ] --END-- [ RunTime:0.000542s ]
NOTIC: [2048] Only variables should be assigned by reference E:\wamp\www\self_admin\Apps\Home\Controller\CommonController.class.php 第 20 行.
NOTIC: [2048] Only variables should be assigned by reference E:\wamp\www\self_admin\Apps\Home\Controller\CommonController.class.php 第 21 行.
NOTIC: [8] Undefined index: order_products E:\wamp\www\self_admin\Apps\Home\Controller\OrderController.class.php 第 10 行.
INFO: [ view_parse ] --START--
INFO: [ template_filter ] --START--
INFO: Run Behavior\ContentReplaceBehavior [ RunTime:0.000158s ]
INFO: [ template_filter ] --END-- [ RunTime:0.000299s ]
INFO: Run Behavior\ParseTemplateBehavior [ RunTime:0.013810s ]
INFO: [ view_parse ] --END-- [ RunTime:0.013897s ]
INFO: [ view_filter ] --START--
INFO: Run Behavior\WriteHtmlCacheBehavior [ RunTime:0.000213s ]
INFO: [ view_filter ] --END-- [ RunTime:0.000282s ]
INFO: [ app_end ] --START--
INFO: Run Behavior\ShowPageTraceBehavior [ RunTime:0.000419s ]
INFO: [ app_end ] --END-- [ RunTime:0.000487s ]

[ 2014-06-23T22:02:23+08:00 ] 127.0.0.1 /index.php?c=order&a=add
INFO: [ app_init ] --START--
INFO: Run Behavior\BuildLiteBehavior [ RunTime:0.000021s ]
INFO: [ app_init ] --END-- [ RunTime:0.000395s ]
INFO: [ app_begin ] --START--
INFO: Run Behavior\ReadHtmlCacheBehavior [ RunTime:0.000543s ]
INFO: [ app_begin ] --END-- [ RunTime:0.000619s ]
NOTIC: [2048] Only variables should be assigned by reference E:\wamp\www\self_admin\Apps\Home\Controller\CommonController.class.php 第 20 行.
NOTIC: [2048] Only variables should be assigned by reference E:\wamp\www\self_admin\Apps\Home\Controller\CommonController.class.php 第 21 行.
NOTIC: [8] Undefined index: order_products E:\wamp\www\self_admin\Apps\Home\Controller\OrderController.class.php 第 10 行.
INFO: [ view_parse ] --START--
INFO: [ template_filter ] --START--
INFO: Run Behavior\ContentReplaceBehavior [ RunTime:0.000113s ]
INFO: [ template_filter ] --END-- [ RunTime:0.000203s ]
INFO: Run Behavior\ParseTemplateBehavior [ RunTime:0.013595s ]
INFO: [ view_parse ] --END-- [ RunTime:0.013718s ]
INFO: [ view_filter ] --START--
INFO: Run Behavior\WriteHtmlCacheBehavior [ RunTime:0.000479s ]
INFO: [ view_filter ] --END-- [ RunTime:0.000582s ]
INFO: [ app_end ] --START--
INFO: Run Behavior\ShowPageTraceBehavior [ RunTime:0.000652s ]
INFO: [ app_end ] --END-- [ RunTime:0.000738s ]

[ 2014-06-23T22:02:36+08:00 ] 127.0.0.1 /index.php?c=order&a=add
INFO: [ app_init ] --START--
INFO: Run Behavior\BuildLiteBehavior [ RunTime:0.000028s ]
INFO: [ app_init ] --END-- [ RunTime:0.000446s ]
INFO: [ app_begin ] --START--
INFO: Run Behavior\ReadHtmlCacheBehavior [ RunTime:0.000438s ]
INFO: [ app_begin ] --END-- [ RunTime:0.000520s ]
NOTIC: [2048] Only variables should be assigned by reference E:\wamp\www\self_admin\Apps\Home\Controller\CommonController.class.php 第 20 行.
NOTIC: [2048] Only variables should be assigned by reference E:\wamp\www\self_admin\Apps\Home\Controller\CommonController.class.php 第 21 行.
NOTIC: [8] Undefined index: order_products E:\wamp\www\self_admin\Apps\Home\Controller\OrderController.class.php 第 10 行.
INFO: [ view_parse ] --START--
INFO: [ template_filter ] --START--
INFO: Run Behavior\ContentReplaceBehavior [ RunTime:0.000113s ]
INFO: [ template_filter ] --END-- [ RunTime:0.000197s ]
INFO: Run Behavior\ParseTemplateBehavior [ RunTime:0.012449s ]
INFO: [ view_parse ] --END-- [ RunTime:0.012534s ]
INFO: [ view_filter ] --START--
INFO: Run Behavior\WriteHtmlCacheBehavior [ RunTime:0.000202s ]
INFO: [ view_filter ] --END-- [ RunTime:0.000270s ]
INFO: [ app_end ] --START--
INFO: Run Behavior\ShowPageTraceBehavior [ RunTime:0.000428s ]
INFO: [ app_end ] --END-- [ RunTime:0.000503s ]

[ 2014-06-23T22:03:17+08:00 ] 127.0.0.1 /index.php?c=order&a=add
INFO: [ app_init ] --START--
INFO: Run Behavior\BuildLiteBehavior [ RunTime:0.000038s ]
INFO: [ app_init ] --END-- [ RunTime:0.000714s ]
INFO: [ app_begin ] --START--
INFO: Run Behavior\ReadHtmlCacheBehavior [ RunTime:0.000853s ]
INFO: [ app_begin ] --END-- [ RunTime:0.001007s ]
NOTIC: [2048] Only variables should be assigned by reference E:\wamp\www\self_admin\Apps\Home\Controller\CommonController.class.php 第 20 行.
NOTIC: [2048] Only variables should be assigned by reference E:\wamp\www\self_admin\Apps\Home\Controller\CommonController.class.php 第 21 行.
NOTIC: [8] Undefined index: order_products E:\wamp\www\self_admin\Apps\Home\Controller\OrderController.class.php 第 10 行.
INFO: [ view_parse ] --START--
INFO: [ template_filter ] --START--
INFO: Run Behavior\ContentReplaceBehavior [ RunTime:0.000115s ]
INFO: [ template_filter ] --END-- [ RunTime:0.000199s ]
INFO: Run Behavior\ParseTemplateBehavior [ RunTime:0.013142s ]
INFO: [ view_parse ] --END-- [ RunTime:0.013264s ]
INFO: [ view_filter ] --START--
INFO: Run Behavior\WriteHtmlCacheBehavior [ RunTime:0.000222s ]
INFO: [ view_filter ] --END-- [ RunTime:0.000290s ]
INFO: [ app_end ] --START--
INFO: Run Behavior\ShowPageTraceBehavior [ RunTime:0.000416s ]
INFO: [ app_end ] --END-- [ RunTime:0.000491s ]

[ 2014-06-23T22:03:26+08:00 ] 127.0.0.1 /index.php?c=order&a=add
INFO: [ app_init ] --START--
INFO: Run Behavior\BuildLiteBehavior [ RunTime:0.000021s ]
INFO: [ app_init ] --END-- [ RunTime:0.000340s ]
INFO: [ app_begin ] --START--
INFO: Run Behavior\ReadHtmlCacheBehavior [ RunTime:0.000464s ]
INFO: [ app_begin ] --END-- [ RunTime:0.000546s ]
NOTIC: [2048] Only variables should be assigned by reference E:\wamp\www\self_admin\Apps\Home\Controller\CommonController.class.php 第 20 行.
NOTIC: [2048] Only variables should be assigned by reference E:\wamp\www\self_admin\Apps\Home\Controller\CommonController.class.php 第 21 行.
NOTIC: [8] Undefined index: order_products E:\wamp\www\self_admin\Apps\Home\Controller\OrderController.class.php 第 10 行.
INFO: [ view_parse ] --START--
INFO: [ template_filter ] --START--
INFO: Run Behavior\ContentReplaceBehavior [ RunTime:0.000111s ]
INFO: [ template_filter ] --END-- [ RunTime:0.000194s ]
INFO: Run Behavior\ParseTemplateBehavior [ RunTime:0.012943s ]
INFO: [ view_parse ] --END-- [ RunTime:0.013033s ]
INFO: [ view_filter ] --START--
INFO: Run Behavior\WriteHtmlCacheBehavior [ RunTime:0.000202s ]
INFO: [ view_filter ] --END-- [ RunTime:0.000269s ]
INFO: [ app_end ] --START--
INFO: Run Behavior\ShowPageTraceBehavior [ RunTime:0.000442s ]
INFO: [ app_end ] --END-- [ RunTime:0.000513s ]

[ 2014-06-23T22:03:46+08:00 ] 127.0.0.1 /index.php?c=order&a=add
INFO: [ app_init ] --START--
INFO: Run Behavior\BuildLiteBehavior [ RunTime:0.000022s ]
INFO: [ app_init ] --END-- [ RunTime:0.000386s ]
INFO: [ app_begin ] --START--
INFO: Run Behavior\ReadHtmlCacheBehavior [ RunTime:0.000420s ]
INFO: [ app_begin ] --END-- [ RunTime:0.000497s ]
NOTIC: [2048] Only variables should be assigned by reference E:\wamp\www\self_admin\Apps\Home\Controller\CommonController.class.php 第 20 行.
NOTIC: [2048] Only variables should be assigned by reference E:\wamp\www\self_admin\Apps\Home\Controller\CommonController.class.php 第 21 行.
NOTIC: [8] Undefined index: order_products E:\wamp\www\self_admin\Apps\Home\Controller\OrderController.class.php 第 10 行.
INFO: [ view_parse ] --START--
INFO: [ template_filter ] --START--
INFO: Run Behavior\ContentReplaceBehavior [ RunTime:0.000110s ]
INFO: [ template_filter ] --END-- [ RunTime:0.000192s ]
INFO: Run Behavior\ParseTemplateBehavior [ RunTime:0.012637s ]
INFO: [ view_parse ] --END-- [ RunTime:0.012724s ]
INFO: [ view_filter ] --START--
INFO: Run Behavior\WriteHtmlCacheBehavior [ RunTime:0.000209s ]
INFO: [ view_filter ] --END-- [ RunTime:0.000276s ]
INFO: [ app_end ] --START--
INFO: Run Behavior\ShowPageTraceBehavior [ RunTime:0.000418s ]
INFO: [ app_end ] --END-- [ RunTime:0.000486s ]

[ 2014-06-23T22:05:55+08:00 ] 127.0.0.1 /index.php?m=Home&c=Order&a=product_add
INFO: [ app_init ] --START--
INFO: Run Behavior\BuildLiteBehavior [ RunTime:0.000023s ]
INFO: [ app_init ] --END-- [ RunTime:0.000405s ]
INFO: [ app_begin ] --START--
INFO: Run Behavior\ReadHtmlCacheBehavior [ RunTime:0.000521s ]
INFO: [ app_begin ] --END-- [ RunTime:0.000596s ]
NOTIC: [2048] Only variables should be assigned by reference E:\wamp\www\self_admin\Apps\Home\Controller\CommonController.class.php 第 20 行.
NOTIC: [2048] Only variables should be assigned by reference E:\wamp\www\self_admin\Apps\Home\Controller\CommonController.class.php 第 21 行.

[ 2014-06-23T22:05:55+08:00 ] 127.0.0.1 /index.php?m=Home&c=Order&a=add
INFO: [ app_init ] --START--
INFO: Run Behavior\BuildLiteBehavior [ RunTime:0.000027s ]
INFO: [ app_init ] --END-- [ RunTime:0.000554s ]
INFO: [ app_begin ] --START--
INFO: Run Behavior\ReadHtmlCacheBehavior [ RunTime:0.000528s ]
INFO: [ app_begin ] --END-- [ RunTime:0.000617s ]
NOTIC: [2048] Only variables should be assigned by reference E:\wamp\www\self_admin\Apps\Home\Controller\CommonController.class.php 第 20 行.
NOTIC: [2048] Only variables should be assigned by reference E:\wamp\www\self_admin\Apps\Home\Controller\CommonController.class.php 第 21 行.
INFO: [ view_parse ] --START--
INFO: [ template_filter ] --START--
INFO: Run Behavior\ContentReplaceBehavior [ RunTime:0.000110s ]
INFO: [ template_filter ] --END-- [ RunTime:0.000188s ]
NOTIC: [8] Undefined index: selling_price E:\wamp\www\self_admin\Runtime\Cache\Home\54c4f74fdbea25856255780b15d9c4d5.php 第 118 行.
NOTIC: [8] Undefined index: product_url E:\wamp\www\self_admin\Runtime\Cache\Home\54c4f74fdbea25856255780b15d9c4d5.php 第 119 行.
INFO: Run Behavior\ParseTemplateBehavior [ RunTime:0.013750s ]
INFO: [ view_parse ] --END-- [ RunTime:0.013845s ]
INFO: [ view_filter ] --START--
INFO: Run Behavior\WriteHtmlCacheBehavior [ RunTime:0.000400s ]
INFO: [ view_filter ] --END-- [ RunTime:0.000472s ]
INFO: [ app_end ] --START--
INFO: Run Behavior\ShowPageTraceBehavior [ RunTime:0.000531s ]
INFO: [ app_end ] --END-- [ RunTime:0.000600s ]

[ 2014-06-23T22:06:04+08:00 ] 127.0.0.1 /index.php?m=Home&c=Order&a=product_del&id=DDFF0067
INFO: [ app_init ] --START--
INFO: Run Behavior\BuildLiteBehavior [ RunTime:0.000021s ]
INFO: [ app_init ] --END-- [ RunTime:0.000345s ]
INFO: [ app_begin ] --START--
INFO: Run Behavior\ReadHtmlCacheBehavior [ RunTime:0.000428s ]
INFO: [ app_begin ] --END-- [ RunTime:0.000504s ]
NOTIC: [2048] Only variables should be assigned by reference E:\wamp\www\self_admin\Apps\Home\Controller\CommonController.class.php 第 20 行.
NOTIC: [2048] Only variables should be assigned by reference E:\wamp\www\self_admin\Apps\Home\Controller\CommonController.class.php 第 21 行.
INFO: [ view_parse ] --START--
INFO: [ template_filter ] --START--
INFO: Run Behavior\ContentReplaceBehavior [ RunTime:0.000048s ]
INFO: [ template_filter ] --END-- [ RunTime:0.000133s ]
INFO: Run Behavior\ParseTemplateBehavior [ RunTime:0.020780s ]
INFO: [ view_parse ] --END-- [ RunTime:0.020866s ]
INFO: [ view_filter ] --START--
INFO: Run Behavior\WriteHtmlCacheBehavior [ RunTime:0.000193s ]
INFO: [ view_filter ] --END-- [ RunTime:0.000259s ]
INFO: [ app_end ] --START--
INFO: Run Behavior\ShowPageTraceBehavior [ RunTime:0.000418s ]
INFO: [ app_end ] --END-- [ RunTime:0.000487s ]

[ 2014-06-23T22:06:05+08:00 ] 127.0.0.1 /index.php?m=Home&c=Order&a=add
INFO: [ app_init ] --START--
INFO: Run Behavior\BuildLiteBehavior [ RunTime:0.000036s ]
INFO: [ app_init ] --END-- [ RunTime:0.000604s ]
INFO: [ app_begin ] --START--
INFO: Run Behavior\ReadHtmlCacheBehavior [ RunTime:0.000528s ]
INFO: [ app_begin ] --END-- [ RunTime:0.000619s ]
NOTIC: [2048] Only variables should be assigned by reference E:\wamp\www\self_admin\Apps\Home\Controller\CommonController.class.php 第 20 行.
NOTIC: [2048] Only variables should be assigned by reference E:\wamp\www\self_admin\Apps\Home\Controller\CommonController.class.php 第 21 行.
INFO: [ view_parse ] --START--
INFO: [ template_filter ] --START--
INFO: Run Behavior\ContentReplaceBehavior [ RunTime:0.000119s ]
INFO: [ template_filter ] --END-- [ RunTime:0.000207s ]
INFO: Run Behavior\ParseTemplateBehavior [ RunTime:0.014073s ]
INFO: [ view_parse ] --END-- [ RunTime:0.014199s ]
INFO: [ view_filter ] --START--
INFO: Run Behavior\WriteHtmlCacheBehavior [ RunTime:0.000360s ]
INFO: [ view_filter ] --END-- [ RunTime:0.000491s ]
INFO: [ app_end ] --START--
INFO: Run Behavior\ShowPageTraceBehavior [ RunTime:0.000497s ]
INFO: [ app_end ] --END-- [ RunTime:0.000573s ]

[ 2014-06-23T22:07:31+08:00 ] 127.0.0.1 /
INFO: [ app_init ] --START--
INFO: Run Behavior\BuildLiteBehavior [ RunTime:0.000025s ]
INFO: [ app_init ] --END-- [ RunTime:0.000418s ]
INFO: [ app_begin ] --START--
INFO: Run Behavior\ReadHtmlCacheBehavior [ RunTime:0.000517s ]
INFO: [ app_begin ] --END-- [ RunTime:0.000612s ]
INFO: [ view_parse ] --START--
INFO: [ template_filter ] --START--
INFO: Run Behavior\ContentReplaceBehavior [ RunTime:0.000055s ]
INFO: [ template_filter ] --END-- [ RunTime:0.000149s ]
INFO: Run Behavior\ParseTemplateBehavior [ RunTime:0.007713s ]
INFO: [ view_parse ] --END-- [ RunTime:0.007849s ]
INFO: [ view_filter ] --START--
INFO: Run Behavior\WriteHtmlCacheBehavior [ RunTime:0.000326s ]
INFO: [ view_filter ] --END-- [ RunTime:0.000413s ]
INFO: [ app_end ] --START--
INFO: Run Behavior\ShowPageTraceBehavior [ RunTime:0.000551s ]
INFO: [ app_end ] --END-- [ RunTime:0.000641s ]

[ 2014-06-23T22:07:31+08:00 ] 127.0.0.1 /index.php?m=Home&c=Index&a=header
INFO: [ app_init ] --START--
INFO: Run Behavior\BuildLiteBehavior [ RunTime:0.000031s ]
INFO: [ app_init ] --END-- [ RunTime:0.000497s ]
INFO: [ app_begin ] --START--
INFO: Run Behavior\ReadHtmlCacheBehavior [ RunTime:0.000606s ]
INFO: [ app_begin ] --END-- [ RunTime:0.000737s ]
INFO: [ view_parse ] --START--
INFO: [ template_filter ] --START--
INFO: Run Behavior\ContentReplaceBehavior [ RunTime:0.000075s ]
INFO: [ template_filter ] --END-- [ RunTime:0.000221s ]
INFO: Run Behavior\ParseTemplateBehavior [ RunTime:0.009886s ]
INFO: [ view_parse ] --END-- [ RunTime:0.010022s ]
INFO: [ view_filter ] --START--
INFO: Run Behavior\WriteHtmlCacheBehavior [ RunTime:0.000272s ]
INFO: [ view_filter ] --END-- [ RunTime:0.000382s ]
INFO: [ app_end ] --START--
INFO: Run Behavior\ShowPageTraceBehavior [ RunTime:0.000747s ]
INFO: [ app_end ] --END-- [ RunTime:0.000870s ]

[ 2014-06-23T22:07:31+08:00 ] 127.0.0.1 /index.php?m=Home&c=Index&a=left
INFO: [ app_init ] --START--
INFO: Run Behavior\BuildLiteBehavior [ RunTime:0.000033s ]
INFO: [ app_init ] --END-- [ RunTime:0.000921s ]
INFO: [ app_begin ] --START--
INFO: Run Behavior\ReadHtmlCacheBehavior [ RunTime:0.000829s ]
INFO: [ app_begin ] --END-- [ RunTime:0.000982s ]
INFO: [ view_parse ] --START--
INFO: [ template_filter ] --START--
INFO: Run Behavior\ContentReplaceBehavior [ RunTime:0.000169s ]
INFO: [ template_filter ] --END-- [ RunTime:0.000327s ]
INFO: Run Behavior\ParseTemplateBehavior [ RunTime:0.009698s ]
INFO: [ view_parse ] --END-- [ RunTime:0.009854s ]
INFO: [ view_filter ] --START--
INFO: Run Behavior\WriteHtmlCacheBehavior [ RunTime:0.000342s ]
INFO: [ view_filter ] --END-- [ RunTime:0.000435s ]
INFO: [ app_end ] --START--
INFO: Run Behavior\ShowPageTraceBehavior [ RunTime:0.000533s ]
INFO: [ app_end ] --END-- [ RunTime:0.000608s ]

[ 2014-06-23T22:07:31+08:00 ] 127.0.0.1 /index.php?m=Home&c=Index&a=spe
INFO: [ app_init ] --START--
INFO: Run Behavior\BuildLiteBehavior [ RunTime:0.000130s ]
INFO: [ app_init ] --END-- [ RunTime:0.000717s ]
INFO: [ app_begin ] --START--
INFO: Run Behavior\ReadHtmlCacheBehavior [ RunTime:0.000810s ]
INFO: [ app_begin ] --END-- [ RunTime:0.000945s ]
INFO: [ view_parse ] --START--
INFO: [ template_filter ] --START--
INFO: Run Behavior\ContentReplaceBehavior [ RunTime:0.000050s ]
INFO: [ template_filter ] --END-- [ RunTime:0.000140s ]
INFO: Run Behavior\ParseTemplateBehavior [ RunTime:0.006126s ]
INFO: [ view_parse ] --END-- [ RunTime:0.006258s ]
INFO: [ view_filter ] --START--
INFO: Run Behavior\WriteHtmlCacheBehavior [ RunTime:0.000304s ]
INFO: [ view_filter ] --END-- [ RunTime:0.000374s ]
INFO: [ app_end ] --START--
INFO: Run Behavior\ShowPageTraceBehavior [ RunTime:0.000536s ]
INFO: [ app_end ] --END-- [ RunTime:0.000610s ]

[ 2014-06-23T22:07:31+08:00 ] 127.0.0.1 /index.php?m=Home&c=Index&a=footer
INFO: [ app_init ] --START--
INFO: Run Behavior\BuildLiteBehavior [ RunTime:0.000030s ]
INFO: [ app_init ] --END-- [ RunTime:0.000561s ]
INFO: [ app_begin ] --START--
INFO: Run Behavior\ReadHtmlCacheBehavior [ RunTime:0.000794s ]
INFO: [ app_begin ] --END-- [ RunTime:0.000923s ]
INFO: [ view_parse ] --START--
INFO: [ template_filter ] --START--
INFO: Run Behavior\ContentReplaceBehavior [ RunTime:0.000097s ]
INFO: [ template_filter ] --END-- [ RunTime:0.000257s ]
INFO: Run Behavior\ParseTemplateBehavior [ RunTime:0.008775s ]
INFO: [ view_parse ] --END-- [ RunTime:0.008950s ]
INFO: [ view_filter ] --START--
INFO: Run Behavior\WriteHtmlCacheBehavior [ RunTime:0.000366s ]
INFO: [ view_filter ] --END-- [ RunTime:0.000464s ]
INFO: [ app_end ] --START--
INFO: Run Behavior\ShowPageTraceBehavior [ RunTime:0.000640s ]
INFO: [ app_end ] --END-- [ RunTime:0.000720s ]

[ 2014-06-23T22:07:31+08:00 ] 127.0.0.1 /index.php?m=Home&c=Index&a=main
INFO: [ app_init ] --START--
INFO: Run Behavior\BuildLiteBehavior [ RunTime:0.000024s ]
INFO: [ app_init ] --END-- [ RunTime:0.000460s ]
INFO: [ app_begin ] --START--
INFO: Run Behavior\ReadHtmlCacheBehavior [ RunTime:0.000794s ]
INFO: [ app_begin ] --END-- [ RunTime:0.000929s ]
NOTIC: [8] Use of undefined constant WEB_ROOT - assumed 'WEB_ROOT' E:\wamp\www\self_admin\Apps\Home\Controller\IndexController.class.php 第 33 行.
INFO: [ view_parse ] --START--
INFO: [ template_filter ] --START--
INFO: Run Behavior\ContentReplaceBehavior [ RunTime:0.000067s ]
INFO: [ template_filter ] --END-- [ RunTime:0.000167s ]
INFO: Run Behavior\ParseTemplateBehavior [ RunTime:0.008815s ]
INFO: [ view_parse ] --END-- [ RunTime:0.008965s ]
INFO: [ view_filter ] --START--
INFO: Run Behavior\WriteHtmlCacheBehavior [ RunTime:0.000322s ]
INFO: [ view_filter ] --END-- [ RunTime:0.000395s ]
INFO: [ app_end ] --START--
INFO: Run Behavior\ShowPageTraceBehavior [ RunTime:0.000525s ]
INFO: [ app_end ] --END-- [ RunTime:0.000601s ]

[ 2014-06-23T22:07:33+08:00 ] 127.0.0.1 /index.php?c=order&a=add
INFO: [ app_init ] --START--
INFO: Run Behavior\BuildLiteBehavior [ RunTime:0.000020s ]
INFO: [ app_init ] --END-- [ RunTime:0.000334s ]
INFO: [ app_begin ] --START--
INFO: Run Behavior\ReadHtmlCacheBehavior [ RunTime:0.000412s ]
INFO: [ app_begin ] --END-- [ RunTime:0.000487s ]
NOTIC: [2048] Only variables should be assigned by reference E:\wamp\www\self_admin\Apps\Home\Controller\CommonController.class.php 第 20 行.
NOTIC: [2048] Only variables should be assigned by reference E:\wamp\www\self_admin\Apps\Home\Controller\CommonController.class.php 第 21 行.
INFO: [ view_parse ] --START--
INFO: [ template_filter ] --START--
INFO: Run Behavior\ContentReplaceBehavior [ RunTime:0.000110s ]
INFO: [ template_filter ] --END-- [ RunTime:0.000197s ]
INFO: Run Behavior\ParseTemplateBehavior [ RunTime:0.013327s ]
INFO: [ view_parse ] --END-- [ RunTime:0.013411s ]
INFO: [ view_filter ] --START--
INFO: Run Behavior\WriteHtmlCacheBehavior [ RunTime:0.000204s ]
INFO: [ view_filter ] --END-- [ RunTime:0.000270s ]
INFO: [ app_end ] --START--
INFO: Run Behavior\ShowPageTraceBehavior [ RunTime:0.000414s ]
INFO: [ app_end ] --END-- [ RunTime:0.000480s ]

[ 2014-06-23T22:08:06+08:00 ] 127.0.0.1 /index.php?m=Home&c=Order&a=product_add
INFO: [ app_init ] --START--
INFO: Run Behavior\BuildLiteBehavior [ RunTime:0.000021s ]
INFO: [ app_init ] --END-- [ RunTime:0.000341s ]
INFO: [ app_begin ] --START--
INFO: Run Behavior\ReadHtmlCacheBehavior [ RunTime:0.000408s ]
INFO: [ app_begin ] --END-- [ RunTime:0.000483s ]
NOTIC: [2048] Only variables should be assigned by reference E:\wamp\www\self_admin\Apps\Home\Controller\CommonController.class.php 第 20 行.
NOTIC: [2048] Only variables should be assigned by reference E:\wamp\www\self_admin\Apps\Home\Controller\CommonController.class.php 第 21 行.

[ 2014-06-23T22:08:06+08:00 ] 127.0.0.1 /index.php?m=Home&c=Order&a=add
INFO: [ app_init ] --START--
INFO: Run Behavior\BuildLiteBehavior [ RunTime:0.000039s ]
INFO: [ app_init ] --END-- [ RunTime:0.000686s ]
INFO: [ app_begin ] --START--
INFO: Run Behavior\ReadHtmlCacheBehavior [ RunTime:0.000840s ]
INFO: [ app_begin ] --END-- [ RunTime:0.000991s ]
NOTIC: [2048] Only variables should be assigned by reference E:\wamp\www\self_admin\Apps\Home\Controller\CommonController.class.php 第 20 行.
NOTIC: [2048] Only variables should be assigned by reference E:\wamp\www\self_admin\Apps\Home\Controller\CommonController.class.php 第 21 行.
INFO: [ view_parse ] --START--
INFO: [ template_filter ] --START--
INFO: Run Behavior\ContentReplaceBehavior [ RunTime:0.000111s ]
INFO: [ template_filter ] --END-- [ RunTime:0.000195s ]
INFO: Run Behavior\ParseTemplateBehavior [ RunTime:0.017143s ]
INFO: [ view_parse ] --END-- [ RunTime:0.017262s ]
INFO: [ view_filter ] --START--
INFO: Run Behavior\WriteHtmlCacheBehavior [ RunTime:0.000233s ]
INFO: [ view_filter ] --END-- [ RunTime:0.000302s ]
INFO: [ app_end ] --START--
INFO: Run Behavior\ShowPageTraceBehavior [ RunTime:0.000436s ]
INFO: [ app_end ] --END-- [ RunTime:0.000504s ]

[ 2014-06-23T22:13:07+08:00 ] 127.0.0.1 /index.php?c=order&a=add
INFO: [ app_init ] --START--
INFO: Run Behavior\BuildLiteBehavior [ RunTime:0.000022s ]
INFO: [ app_init ] --END-- [ RunTime:0.000404s ]
INFO: [ app_begin ] --START--
INFO: Run Behavior\ReadHtmlCacheBehavior [ RunTime:0.000542s ]
INFO: [ app_begin ] --END-- [ RunTime:0.000617s ]
NOTIC: [2048] Only variables should be assigned by reference E:\wamp\www\self_admin\Apps\Home\Controller\CommonController.class.php 第 20 行.
NOTIC: [2048] Only variables should be assigned by reference E:\wamp\www\self_admin\Apps\Home\Controller\CommonController.class.php 第 21 行.
INFO: [ view_parse ] --START--
INFO: [ template_filter ] --START--
INFO: Run Behavior\ContentReplaceBehavior [ RunTime:0.000112s ]
INFO: [ template_filter ] --END-- [ RunTime:0.000203s ]
INFO: Run Behavior\ParseTemplateBehavior [ RunTime:0.013342s ]
INFO: [ view_parse ] --END-- [ RunTime:0.013437s ]
INFO: [ view_filter ] --START--
INFO: Run Behavior\WriteHtmlCacheBehavior [ RunTime:0.000409s ]
INFO: [ view_filter ] --END-- [ RunTime:0.000508s ]
INFO: [ app_end ] --START--
INFO: Run Behavior\ShowPageTraceBehavior [ RunTime:0.000600s ]
INFO: [ app_end ] --END-- [ RunTime:0.000677s ]

[ 2014-06-23T22:14:02+08:00 ] 127.0.0.1 /index.php?c=order&a=add
INFO: [ app_init ] --START--
INFO: Run Behavior\BuildLiteBehavior [ RunTime:0.000038s ]
INFO: [ app_init ] --END-- [ RunTime:0.000719s ]
INFO: [ app_begin ] --START--
INFO: Run Behavior\ReadHtmlCacheBehavior [ RunTime:0.000866s ]
INFO: [ app_begin ] --END-- [ RunTime:0.001025s ]
NOTIC: [2048] Only variables should be assigned by reference E:\wamp\www\self_admin\Apps\Home\Controller\CommonController.class.php 第 20 行.
NOTIC: [2048] Only variables should be assigned by reference E:\wamp\www\self_admin\Apps\Home\Controller\CommonController.class.php 第 21 行.
INFO: [ view_parse ] --START--
INFO: [ template_filter ] --START--
INFO: Run Behavior\ContentReplaceBehavior [ RunTime:0.000135s ]
INFO: [ template_filter ] --END-- [ RunTime:0.000233s ]
INFO: Run Behavior\ParseTemplateBehavior [ RunTime:0.018880s ]
INFO: [ view_parse ] --END-- [ RunTime:0.019051s ]
INFO: [ view_filter ] --START--
INFO: Run Behavior\WriteHtmlCacheBehavior [ RunTime:0.000529s ]
INFO: [ view_filter ] --END-- [ RunTime:0.000675s ]
INFO: [ app_end ] --START--
INFO: Run Behavior\ShowPageTraceBehavior [ RunTime:0.000550s ]
INFO: [ app_end ] --END-- [ RunTime:0.000642s ]

[ 2014-06-23T22:14:03+08:00 ] 127.0.0.1 /index.php?m=Home&c=Order&a=insert
INFO: [ app_init ] --START--
INFO: Run Behavior\BuildLiteBehavior [ RunTime:0.000020s ]
INFO: [ app_init ] --END-- [ RunTime:0.000342s ]
INFO: [ app_begin ] --START--
INFO: Run Behavior\ReadHtmlCacheBehavior [ RunTime:0.000418s ]
INFO: [ app_begin ] --END-- [ RunTime:0.000502s ]
NOTIC: [2048] Only variables should be assigned by reference E:\wamp\www\self_admin\Apps\Home\Controller\CommonController.class.php 第 20 行.
NOTIC: [2048] Only variables should be assigned by reference E:\wamp\www\self_admin\Apps\Home\Controller\CommonController.class.php 第 21 行.

[ 2014-06-23T22:16:08+08:00 ] 127.0.0.1 /index.php?m=Home&c=Order&a=insert
INFO: [ app_init ] --START--
INFO: Run Behavior\BuildLiteBehavior [ RunTime:0.000023s ]
INFO: [ app_init ] --END-- [ RunTime:0.000416s ]
INFO: [ app_begin ] --START--
INFO: Run Behavior\ReadHtmlCacheBehavior [ RunTime:0.000528s ]
INFO: [ app_begin ] --END-- [ RunTime:0.000611s ]
NOTIC: [2048] Only variables should be assigned by reference E:\wamp\www\self_admin\Apps\Home\Controller\CommonController.class.php 第 20 行.
NOTIC: [2048] Only variables should be assigned by reference E:\wamp\www\self_admin\Apps\Home\Controller\CommonController.class.php 第 21 行.

[ 2014-06-23T22:23:58+08:00 ] 127.0.0.1 /index.php?m=Home&c=Order&a=insert
INFO: [ app_init ] --START--
INFO: Run Behavior\BuildLiteBehavior [ RunTime:0.000022s ]
INFO: [ app_init ] --END-- [ RunTime:0.000391s ]
INFO: [ app_begin ] --START--
INFO: Run Behavior\ReadHtmlCacheBehavior [ RunTime:0.000567s ]
INFO: [ app_begin ] --END-- [ RunTime:0.000663s ]
NOTIC: [2048] Only variables should be assigned by reference E:\wamp\www\self_admin\Apps\Home\Controller\CommonController.class.php 第 20 行.
NOTIC: [2048] Only variables should be assigned by reference E:\wamp\www\self_admin\Apps\Home\Controller\CommonController.class.php 第 21 行.

[ 2014-06-23T22:24:25+08:00 ] 127.0.0.1 /index.php?m=Home&c=Order&a=insert
INFO: [ app_init ] --START--
INFO: Run Behavior\BuildLiteBehavior [ RunTime:0.000022s ]
INFO: [ app_init ] --END-- [ RunTime:0.000353s ]
INFO: [ app_begin ] --START--
INFO: Run Behavior\ReadHtmlCacheBehavior [ RunTime:0.000417s ]
INFO: [ app_begin ] --END-- [ RunTime:0.000500s ]
NOTIC: [2048] Only variables should be assigned by reference E:\wamp\www\self_admin\Apps\Home\Controller\CommonController.class.php 第 20 行.
NOTIC: [2048] Only variables should be assigned by reference E:\wamp\www\self_admin\Apps\Home\Controller\CommonController.class.php 第 21 行.
NOTIC: [2] in_array() expects parameter 2 to be array, boolean given E:\wamp\www\self_admin\ThinkPHP\Library\Think\Model.class.php 第 906 行.
NOTIC: [2] in_array() expects parameter 2 to be array, boolean given E:\wamp\www\self_admin\ThinkPHP\Library\Think\Model.class.php 第 906 行.
NOTIC: [2] in_array() expects parameter 2 to be array, boolean given E:\wamp\www\self_admin\ThinkPHP\Library\Think\Model.class.php 第 906 行.
NOTIC: [2] in_array() expects parameter 2 to be array, boolean given E:\wamp\www\self_admin\ThinkPHP\Library\Think\Model.class.php 第 906 行.
NOTIC: [2] in_array() expects parameter 2 to be array, boolean given E:\wamp\www\self_admin\ThinkPHP\Library\Think\Model.class.php 第 906 行.
NOTIC: [2] in_array() expects parameter 2 to be array, boolean given E:\wamp\www\self_admin\ThinkPHP\Library\Think\Model.class.php 第 906 行.
NOTIC: [2] in_array() expects parameter 2 to be array, boolean given E:\wamp\www\self_admin\ThinkPHP\Library\Think\Model.class.php 第 906 行.
NOTIC: [2] in_array() expects parameter 2 to be array, boolean given E:\wamp\www\self_admin\ThinkPHP\Library\Think\Model.class.php 第 906 行.
NOTIC: [2] in_array() expects parameter 2 to be array, boolean given E:\wamp\www\self_admin\ThinkPHP\Library\Think\Model.class.php 第 906 行.
NOTIC: [2] in_array() expects parameter 2 to be array, boolean given E:\wamp\www\self_admin\ThinkPHP\Library\Think\Model.class.php 第 906 行.
NOTIC: [2] in_array() expects parameter 2 to be array, boolean given E:\wamp\www\self_admin\ThinkPHP\Library\Think\Model.class.php 第 906 行.
NOTIC: [2] in_array() expects parameter 2 to be array, boolean given E:\wamp\www\self_admin\ThinkPHP\Library\Think\Model.class.php 第 906 行.
NOTIC: [2] in_array() expects parameter 2 to be array, boolean given E:\wamp\www\self_admin\ThinkPHP\Library\Think\Model.class.php 第 906 行.
NOTIC: [2] in_array() expects parameter 2 to be array, boolean given E:\wamp\www\self_admin\ThinkPHP\Library\Think\Model.class.php 第 906 行.
NOTIC: [2] in_array() expects parameter 2 to be array, boolean given E:\wamp\www\self_admin\ThinkPHP\Library\Think\Model.class.php 第 906 行.
NOTIC: [2] in_array() expects parameter 2 to be array, boolean given E:\wamp\www\self_admin\ThinkPHP\Library\Think\Model.class.php 第 906 行.
NOTIC: [2] in_array() expects parameter 2 to be array, boolean given E:\wamp\www\self_admin\ThinkPHP\Library\Think\Model.class.php 第 906 行.

[ 2014-06-23T22:25:36+08:00 ] 127.0.0.1 /index.php?m=Home&c=Order&a=insert
INFO: [ app_init ] --START--
INFO: Run Behavior\BuildLiteBehavior [ RunTime:0.000021s ]
INFO: [ app_init ] --END-- [ RunTime:0.000342s ]
INFO: [ app_begin ] --START--
INFO: Run Behavior\ReadHtmlCacheBehavior [ RunTime:0.000411s ]
INFO: [ app_begin ] --END-- [ RunTime:0.000494s ]
NOTIC: [2048] Only variables should be assigned by reference E:\wamp\www\self_admin\Apps\Home\Controller\CommonController.class.php 第 20 行.
NOTIC: [2048] Only variables should be assigned by reference E:\wamp\www\self_admin\Apps\Home\Controller\CommonController.class.php 第 21 行.
NOTIC: [2] in_array() expects parameter 2 to be array, boolean given E:\wamp\www\self_admin\ThinkPHP\Library\Think\Model.class.php 第 906 行.
NOTIC: [2] in_array() expects parameter 2 to be array, boolean given E:\wamp\www\self_admin\ThinkPHP\Library\Think\Model.class.php 第 906 行.
NOTIC: [2] in_array() expects parameter 2 to be array, boolean given E:\wamp\www\self_admin\ThinkPHP\Library\Think\Model.class.php 第 906 行.
NOTIC: [2] in_array() expects parameter 2 to be array, boolean given E:\wamp\www\self_admin\ThinkPHP\Library\Think\Model.class.php 第 906 行.
NOTIC: [2] in_array() expects parameter 2 to be array, boolean given E:\wamp\www\self_admin\ThinkPHP\Library\Think\Model.class.php 第 906 行.
NOTIC: [2] in_array() expects parameter 2 to be array, boolean given E:\wamp\www\self_admin\ThinkPHP\Library\Think\Model.class.php 第 906 行.
NOTIC: [2] in_array() expects parameter 2 to be array, boolean given E:\wamp\www\self_admin\ThinkPHP\Library\Think\Model.class.php 第 906 行.
NOTIC: [2] in_array() expects parameter 2 to be array, boolean given E:\wamp\www\self_admin\ThinkPHP\Library\Think\Model.class.php 第 906 行.
NOTIC: [2] in_array() expects parameter 2 to be array, boolean given E:\wamp\www\self_admin\ThinkPHP\Library\Think\Model.class.php 第 906 行.
NOTIC: [2] in_array() expects parameter 2 to be array, boolean given E:\wamp\www\self_admin\ThinkPHP\Library\Think\Model.class.php 第 906 行.
NOTIC: [2] in_array() expects parameter 2 to be array, boolean given E:\wamp\www\self_admin\ThinkPHP\Library\Think\Model.class.php 第 906 行.
NOTIC: [2] in_array() expects parameter 2 to be array, boolean given E:\wamp\www\self_admin\ThinkPHP\Library\Think\Model.class.php 第 906 行.
NOTIC: [2] in_array() expects parameter 2 to be array, boolean given E:\wamp\www\self_admin\ThinkPHP\Library\Think\Model.class.php 第 906 行.
NOTIC: [2] in_array() expects parameter 2 to be array, boolean given E:\wamp\www\self_admin\ThinkPHP\Library\Think\Model.class.php 第 906 行.
NOTIC: [2] in_array() expects parameter 2 to be array, boolean given E:\wamp\www\self_admin\ThinkPHP\Library\Think\Model.class.php 第 906 行.
NOTIC: [2] in_array() expects parameter 2 to be array, boolean given E:\wamp\www\self_admin\ThinkPHP\Library\Think\Model.class.php 第 906 行.
NOTIC: [2] in_array() expects parameter 2 to be array, boolean given E:\wamp\www\self_admin\ThinkPHP\Library\Think\Model.class.php 第 906 行.
INFO: [ app_end ] --START--
INFO: Run Behavior\ShowPageTraceBehavior [ RunTime:0.001058s ]
INFO: [ app_end ] --END-- [ RunTime:0.001212s ]

[ 2014-06-23T22:25:59+08:00 ] 127.0.0.1 /index.php?m=Home&c=Order&a=insert
INFO: [ app_init ] --START--
INFO: Run Behavior\BuildLiteBehavior [ RunTime:0.000022s ]
INFO: [ app_init ] --END-- [ RunTime:0.000400s ]
INFO: [ app_begin ] --START--
INFO: Run Behavior\ReadHtmlCacheBehavior [ RunTime:0.000527s ]
INFO: [ app_begin ] --END-- [ RunTime:0.000611s ]
NOTIC: [2048] Only variables should be assigned by reference E:\wamp\www\self_admin\Apps\Home\Controller\CommonController.class.php 第 20 行.
NOTIC: [2048] Only variables should be assigned by reference E:\wamp\www\self_admin\Apps\Home\Controller\CommonController.class.php 第 21 行.
SQL: SHOW COLUMNS FROM `order` [ RunTime:0.002988s ]
SQL: INSERT INTO `order` (`trade_no`,`customer_email`,`order_amount`,`customer_name`,`order_currency`,`country`,`order_status`,`state`,`order_date`,`city`,`payment_method`,`address`,`shipping_method`,`postcode`,`shipping_fee`,`phone`,`customer_remark`) VALUES ('','test@gmail.com','61.90','Janice Trader','USD','United States',0,'SMITHFIELD','2014-06-06','VA','credit_card','108 DOVER CT','credit_card','23430-6145','','757-256-7014','') [ RunTime:0.035332s ]
INFO: [ app_end ] --START--
INFO: Run Behavior\ShowPageTraceBehavior [ RunTime:0.000564s ]
INFO: [ app_end ] --END-- [ RunTime:0.000648s ]

