[ 2014-07-23T21:49:37+08:00 ] 127.0.0.1 /
INFO: [ app_init ] --START--
INFO: Run Behavior\BuildLiteBehavior [ RunTime:0.000029s ]
INFO: [ app_init ] --END-- [ RunTime:0.000465s ]
INFO: [ app_begin ] --START--
INFO: Run Behavior\ReadHtmlCacheBehavior [ RunTime:0.000726s ]
INFO: [ app_begin ] --END-- [ RunTime:0.000814s ]
NOTIC: [2048] Only variables should be assigned by reference E:\wamp\www\self_admin\Apps\Home\Controller\CommonController.class.php 第 15 行.
NOTIC: [2048] Only variables should be assigned by reference E:\wamp\www\self_admin\Apps\Home\Controller\CommonController.class.php 第 16 行.
SQL: SHOW COLUMNS FROM `node` [ RunTime:0.031286s ]
SQL: SELECT `nid` FROM `node` WHERE ( `control` = 'Index' ) AND ( `action` = 'index' ) LIMIT 1   [ RunTime:0.000447s ]
INFO: [ view_parse ] --START--
INFO: [ template_filter ] --START--
INFO: Run Behavior\ContentReplaceBehavior [ RunTime:0.000048s ]
INFO: [ template_filter ] --END-- [ RunTime:0.000134s ]
INFO: Run Behavior\ParseTemplateBehavior [ RunTime:0.006403s ]
INFO: [ view_parse ] --END-- [ RunTime:0.006499s ]
INFO: [ view_filter ] --START--
INFO: Run Behavior\WriteHtmlCacheBehavior [ RunTime:0.000299s ]
INFO: [ view_filter ] --END-- [ RunTime:0.000366s ]
INFO: [ app_end ] --START--
INFO: Run Behavior\ShowPageTraceBehavior [ RunTime:0.000518s ]
INFO: [ app_end ] --END-- [ RunTime:0.000588s ]

[ 2014-07-23T21:49:37+08:00 ] 127.0.0.1 /index.php?m=Home&c=Index&a=spe
INFO: [ app_init ] --START--
INFO: Run Behavior\BuildLiteBehavior [ RunTime:0.000034s ]
INFO: [ app_init ] --END-- [ RunTime:0.000634s ]
INFO: [ app_begin ] --START--
INFO: Run Behavior\ReadHtmlCacheBehavior [ RunTime:0.000825s ]
INFO: [ app_begin ] --END-- [ RunTime:0.000998s ]
NOTIC: [2048] Only variables should be assigned by reference E:\wamp\www\self_admin\Apps\Home\Controller\CommonController.class.php 第 15 行.
NOTIC: [2048] Only variables should be assigned by reference E:\wamp\www\self_admin\Apps\Home\Controller\CommonController.class.php 第 16 行.
SQL: SHOW COLUMNS FROM `node` [ RunTime:0.004031s ]
SQL: SELECT `nid` FROM `node` WHERE ( `control` = 'Index' ) AND ( `action` = 'spe' ) LIMIT 1   [ RunTime:0.000291s ]
INFO: [ view_parse ] --START--
INFO: [ template_filter ] --START--
INFO: Run Behavior\ContentReplaceBehavior [ RunTime:0.000051s ]
INFO: [ template_filter ] --END-- [ RunTime:0.000140s ]
INFO: Run Behavior\ParseTemplateBehavior [ RunTime:0.006890s ]
INFO: [ view_parse ] --END-- [ RunTime:0.007009s ]
INFO: [ view_filter ] --START--
INFO: Run Behavior\WriteHtmlCacheBehavior [ RunTime:0.000281s ]
INFO: [ view_filter ] --END-- [ RunTime:0.000354s ]
INFO: [ app_end ] --START--
INFO: Run Behavior\ShowPageTraceBehavior [ RunTime:0.000524s ]
INFO: [ app_end ] --END-- [ RunTime:0.000594s ]

[ 2014-07-23T21:49:37+08:00 ] 127.0.0.1 /index.php?m=Home&c=Index&a=footer
INFO: [ app_init ] --START--
INFO: Run Behavior\BuildLiteBehavior [ RunTime:0.000031s ]
INFO: [ app_init ] --END-- [ RunTime:0.000616s ]
INFO: [ app_begin ] --START--
INFO: Run Behavior\ReadHtmlCacheBehavior [ RunTime:0.000828s ]
INFO: [ app_begin ] --END-- [ RunTime:0.000966s ]
NOTIC: [2048] Only variables should be assigned by reference E:\wamp\www\self_admin\Apps\Home\Controller\CommonController.class.php 第 15 行.
NOTIC: [2048] Only variables should be assigned by reference E:\wamp\www\self_admin\Apps\Home\Controller\CommonController.class.php 第 16 行.
SQL: SHOW COLUMNS FROM `node` [ RunTime:0.003022s ]
SQL: SELECT `nid` FROM `node` WHERE ( `control` = 'Index' ) AND ( `action` = 'footer' ) LIMIT 1   [ RunTime:0.000355s ]
INFO: [ view_parse ] --START--
INFO: [ template_filter ] --START--
INFO: Run Behavior\ContentReplaceBehavior [ RunTime:0.000048s ]
INFO: [ template_filter ] --END-- [ RunTime:0.000140s ]
INFO: Run Behavior\ParseTemplateBehavior [ RunTime:0.007635s ]
INFO: [ view_parse ] --END-- [ RunTime:0.007771s ]
INFO: [ view_filter ] --START--
INFO: Run Behavior\WriteHtmlCacheBehavior [ RunTime:0.000323s ]
INFO: [ view_filter ] --END-- [ RunTime:0.000394s ]
INFO: [ app_end ] --START--
INFO: Run Behavior\ShowPageTraceBehavior [ RunTime:0.000538s ]
INFO: [ app_end ] --END-- [ RunTime:0.000642s ]

[ 2014-07-23T21:49:37+08:00 ] 127.0.0.1 /index.php?m=Home&c=Index&a=left
INFO: [ app_init ] --START--
INFO: Run Behavior\BuildLiteBehavior [ RunTime:0.000029s ]
INFO: [ app_init ] --END-- [ RunTime:0.000582s ]
INFO: [ app_begin ] --START--
INFO: Run Behavior\ReadHtmlCacheBehavior [ RunTime:0.000874s ]
INFO: [ app_begin ] --END-- [ RunTime:0.001048s ]
NOTIC: [2048] Only variables should be assigned by reference E:\wamp\www\self_admin\Apps\Home\Controller\CommonController.class.php 第 15 行.
NOTIC: [2048] Only variables should be assigned by reference E:\wamp\www\self_admin\Apps\Home\Controller\CommonController.class.php 第 16 行.
SQL: SHOW COLUMNS FROM `node` [ RunTime:0.003306s ]
SQL: SELECT `nid` FROM `node` WHERE ( `control` = 'Index' ) AND ( `action` = 'left' ) LIMIT 1   [ RunTime:0.000302s ]
SQL: SELECT * FROM node WHERE status=1 AND level=1 ORDER BY sort [ RunTime:0.000392s ]
SQL: SELECT * FROM node WHERE status=1 AND level=2 AND pid=4 ORDER BY sort [ RunTime:0.000266s ]
SQL: SELECT control,action,linkurl FROM node WHERE nid='5' [ RunTime:0.000188s ]
SQL: SELECT control,action,linkurl FROM node WHERE nid='6' [ RunTime:0.000190s ]
SQL: SELECT * FROM node WHERE status=1 AND level=2 AND pid=15 ORDER BY sort [ RunTime:0.000270s ]
SQL: SELECT control,action,linkurl FROM node WHERE nid='16' [ RunTime:0.000156s ]
SQL: SELECT control,action,linkurl FROM node WHERE nid='17' [ RunTime:0.000160s ]
SQL: SELECT * FROM node WHERE status=1 AND level=2 AND pid=12 ORDER BY sort [ RunTime:0.000245s ]
SQL: SELECT control,action,linkurl FROM node WHERE nid='14' [ RunTime:0.000153s ]
SQL: SELECT control,action,linkurl FROM node WHERE nid='19' [ RunTime:0.000155s ]
SQL: SELECT control,action,linkurl FROM node WHERE nid='20' [ RunTime:0.000139s ]
SQL: SELECT * FROM node WHERE status=1 AND level=2 AND pid=1 ORDER BY sort [ RunTime:0.000233s ]
SQL: SELECT control,action,linkurl FROM node WHERE nid='2' [ RunTime:0.000149s ]
SQL: SELECT control,action,linkurl FROM node WHERE nid='3' [ RunTime:0.000136s ]
SQL: SELECT * FROM node WHERE status=1 AND level=2 AND pid=9 ORDER BY sort [ RunTime:0.000214s ]
SQL: SELECT control,action,linkurl FROM node WHERE nid='10' [ RunTime:0.000142s ]
SQL: SELECT control,action,linkurl FROM node WHERE nid='11' [ RunTime:0.000139s ]
INFO: [ view_parse ] --START--
INFO: [ template_filter ] --START--
INFO: Run Behavior\ContentReplaceBehavior [ RunTime:0.000060s ]
INFO: [ template_filter ] --END-- [ RunTime:0.000149s ]
INFO: Run Behavior\ParseTemplateBehavior [ RunTime:0.010323s ]
INFO: [ view_parse ] --END-- [ RunTime:0.010477s ]
INFO: [ view_filter ] --START--
INFO: Run Behavior\WriteHtmlCacheBehavior [ RunTime:0.000444s ]
INFO: [ view_filter ] --END-- [ RunTime:0.000561s ]
INFO: [ app_end ] --START--
INFO: Run Behavior\ShowPageTraceBehavior [ RunTime:0.000757s ]
INFO: [ app_end ] --END-- [ RunTime:0.000868s ]

[ 2014-07-23T21:49:37+08:00 ] 127.0.0.1 /index.php?m=Home&c=Index&a=header
INFO: [ app_init ] --START--
INFO: Run Behavior\BuildLiteBehavior [ RunTime:0.000037s ]
INFO: [ app_init ] --END-- [ RunTime:0.008126s ]
INFO: [ app_begin ] --START--
INFO: Run Behavior\ReadHtmlCacheBehavior [ RunTime:0.001445s ]
INFO: [ app_begin ] --END-- [ RunTime:0.002125s ]
NOTIC: [2048] Only variables should be assigned by reference E:\wamp\www\self_admin\Apps\Home\Controller\CommonController.class.php 第 15 行.
NOTIC: [2048] Only variables should be assigned by reference E:\wamp\www\self_admin\Apps\Home\Controller\CommonController.class.php 第 16 行.
SQL: SHOW COLUMNS FROM `node` [ RunTime:0.002745s ]
SQL: SELECT `nid` FROM `node` WHERE ( `control` = 'Index' ) AND ( `action` = 'header' ) LIMIT 1   [ RunTime:0.000211s ]
INFO: [ view_parse ] --START--
INFO: [ template_filter ] --START--
INFO: Run Behavior\ContentReplaceBehavior [ RunTime:0.000161s ]
INFO: [ template_filter ] --END-- [ RunTime:0.000299s ]
NOTIC: [8] Undefined index: admin_id E:\wamp\www\self_admin\Runtime\Cache\Home\4cdbbe45fa9dbf00382f8519e005bdb9.php 第 47 行.
INFO: Run Behavior\ParseTemplateBehavior [ RunTime:0.008169s ]
INFO: [ view_parse ] --END-- [ RunTime:0.008301s ]
INFO: [ view_filter ] --START--
INFO: Run Behavior\WriteHtmlCacheBehavior [ RunTime:0.000316s ]
INFO: [ view_filter ] --END-- [ RunTime:0.000414s ]
INFO: [ app_end ] --START--
INFO: Run Behavior\ShowPageTraceBehavior [ RunTime:0.000501s ]
INFO: [ app_end ] --END-- [ RunTime:0.000587s ]

[ 2014-07-23T21:49:37+08:00 ] 127.0.0.1 /index.php?m=Home&c=Index&a=main
INFO: [ app_init ] --START--
INFO: Run Behavior\BuildLiteBehavior [ RunTime:0.000034s ]
INFO: [ app_init ] --END-- [ RunTime:0.000640s ]
INFO: [ app_begin ] --START--
INFO: Run Behavior\ReadHtmlCacheBehavior [ RunTime:0.000651s ]
INFO: [ app_begin ] --END-- [ RunTime:0.000807s ]
NOTIC: [2048] Only variables should be assigned by reference E:\wamp\www\self_admin\Apps\Home\Controller\CommonController.class.php 第 15 行.
NOTIC: [2048] Only variables should be assigned by reference E:\wamp\www\self_admin\Apps\Home\Controller\CommonController.class.php 第 16 行.
SQL: SHOW COLUMNS FROM `node` [ RunTime:0.003998s ]
SQL: SELECT `nid` FROM `node` WHERE ( `control` = 'Index' ) AND ( `action` = 'main' ) LIMIT 1   [ RunTime:0.000417s ]
NOTIC: [8] Use of undefined constant WEB_ROOT - assumed 'WEB_ROOT' E:\wamp\www\self_admin\Apps\Home\Controller\IndexController.class.php 第 35 行.
INFO: [ view_parse ] --START--
INFO: [ template_filter ] --START--
INFO: Run Behavior\ContentReplaceBehavior [ RunTime:0.000071s ]
INFO: [ template_filter ] --END-- [ RunTime:0.000160s ]
INFO: Run Behavior\ParseTemplateBehavior [ RunTime:0.009270s ]
INFO: [ view_parse ] --END-- [ RunTime:0.009385s ]
INFO: [ view_filter ] --START--
INFO: Run Behavior\WriteHtmlCacheBehavior [ RunTime:0.000377s ]
INFO: [ view_filter ] --END-- [ RunTime:0.000455s ]
INFO: [ app_end ] --START--
INFO: Run Behavior\ShowPageTraceBehavior [ RunTime:0.000576s ]
INFO: [ app_end ] --END-- [ RunTime:0.000668s ]

[ 2014-07-23T21:49:43+08:00 ] 127.0.0.1 /index.php?m=Home&c=Order&a=index
INFO: [ app_init ] --START--
INFO: Run Behavior\BuildLiteBehavior [ RunTime:0.000018s ]
INFO: [ app_init ] --END-- [ RunTime:0.000325s ]
INFO: [ app_begin ] --START--
INFO: Run Behavior\ReadHtmlCacheBehavior [ RunTime:0.000404s ]
INFO: [ app_begin ] --END-- [ RunTime:0.000480s ]
NOTIC: [2048] Only variables should be assigned by reference E:\wamp\www\self_admin\Apps\Home\Controller\CommonController.class.php 第 15 行.
NOTIC: [2048] Only variables should be assigned by reference E:\wamp\www\self_admin\Apps\Home\Controller\CommonController.class.php 第 16 行.
SQL: SHOW COLUMNS FROM `node` [ RunTime:0.002736s ]
SQL: SELECT `nid` FROM `node` WHERE ( `control` = 'Order' ) AND ( `action` = 'index' ) LIMIT 1   [ RunTime:0.000267s ]
SQL: SELECT * FROM `node` WHERE ( `nid` = 5 ) LIMIT 1   [ RunTime:0.000278s ]
SQL: SELECT * FROM `node` WHERE ( `nid` = 4 ) LIMIT 1   [ RunTime:0.000325s ]
SQL: SELECT control,action,linkurl FROM node WHERE nid='5' [ RunTime:0.000262s ]
NOTIC: [8] Undefined offset: 2 E:\wamp\www\self_admin\ThinkPHP\Library\Org\Util\Breadcrumb.class.php 第 30 行.
NOTIC: [8] Undefined index: p E:\wamp\www\self_admin\Apps\Home\Controller\OrderController.class.php 第 20 行.
SQL: SHOW COLUMNS FROM `order` [ RunTime:0.033852s ]
SQL: SELECT * FROM `order` WHERE ( 1=1 ) ORDER BY create_time LIMIT 0,20   [ RunTime:0.000446s ]
SQL: SHOW COLUMNS FROM `order_status` [ RunTime:0.029103s ]
SQL: SELECT `status_id`,`status_name` FROM `order_status`  [ RunTime:0.000276s ]
SQL: SELECT `status_id`,`status_name` FROM `order_status`  [ RunTime:0.000203s ]
SQL: SELECT `status_id`,`status_name` FROM `order_status`  [ RunTime:0.000201s ]
SQL: SELECT `status_id`,`status_name` FROM `order_status`  [ RunTime:0.000180s ]
SQL: SELECT COUNT(*) AS tp_count FROM `order` WHERE ( 1=1 ) LIMIT 1   [ RunTime:0.000181s ]
NOTIC: [2] Invalid argument supplied for foreach() E:\wamp\www\self_admin\Apps\Home\Controller\OrderController.class.php 第 29 行.
SQL: SELECT `status_id`,`status_name` FROM `order_status`  [ RunTime:0.000206s ]
INFO: [ view_parse ] --START--
INFO: [ template_filter ] --START--
INFO: Run Behavior\ContentReplaceBehavior [ RunTime:0.000137s ]
INFO: [ template_filter ] --END-- [ RunTime:0.000296s ]
NOTIC: [8] Undefined index: order_no E:\wamp\www\self_admin\Runtime\Cache\Home\576f6d943f7c6bbf96c9fcfc1d1d147e.php 第 54 行.
NOTIC: [8] Undefined index: order_status E:\wamp\www\self_admin\Runtime\Cache\Home\576f6d943f7c6bbf96c9fcfc1d1d147e.php 第 58 行.
NOTIC: [8] Undefined index: order_status E:\wamp\www\self_admin\Runtime\Cache\Home\576f6d943f7c6bbf96c9fcfc1d1d147e.php 第 58 行.
NOTIC: [8] Undefined index: order_status E:\wamp\www\self_admin\Runtime\Cache\Home\576f6d943f7c6bbf96c9fcfc1d1d147e.php 第 58 行.
NOTIC: [8] Undefined index: customer_name E:\wamp\www\self_admin\Runtime\Cache\Home\576f6d943f7c6bbf96c9fcfc1d1d147e.php 第 60 行.
NOTIC: [8] Undefined index: customer_email E:\wamp\www\self_admin\Runtime\Cache\Home\576f6d943f7c6bbf96c9fcfc1d1d147e.php 第 61 行.
INFO: Run Behavior\ParseTemplateBehavior [ RunTime:0.013964s ]
INFO: [ view_parse ] --END-- [ RunTime:0.014094s ]
INFO: [ view_filter ] --START--
INFO: Run Behavior\WriteHtmlCacheBehavior [ RunTime:0.000395s ]
INFO: [ view_filter ] --END-- [ RunTime:0.000543s ]
INFO: [ app_end ] --START--
INFO: Run Behavior\ShowPageTraceBehavior [ RunTime:0.000812s ]
INFO: [ app_end ] --END-- [ RunTime:0.000953s ]

[ 2014-07-23T21:49:45+08:00 ] 127.0.0.1 /index.php?m=Home&c=Product&a=add
INFO: [ app_init ] --START--
INFO: Run Behavior\BuildLiteBehavior [ RunTime:0.000019s ]
INFO: [ app_init ] --END-- [ RunTime:0.000331s ]
INFO: [ app_begin ] --START--
INFO: Run Behavior\ReadHtmlCacheBehavior [ RunTime:0.000402s ]
INFO: [ app_begin ] --END-- [ RunTime:0.000476s ]
NOTIC: [2048] Only variables should be assigned by reference E:\wamp\www\self_admin\Apps\Home\Controller\CommonController.class.php 第 15 行.
NOTIC: [2048] Only variables should be assigned by reference E:\wamp\www\self_admin\Apps\Home\Controller\CommonController.class.php 第 16 行.
SQL: SHOW COLUMNS FROM `node` [ RunTime:0.002694s ]
SQL: SELECT `nid` FROM `node` WHERE ( `control` = 'Product' ) AND ( `action` = 'add' ) LIMIT 1   [ RunTime:0.000274s ]
SQL: SELECT * FROM `node` WHERE ( `nid` = 17 ) LIMIT 1   [ RunTime:0.000238s ]
SQL: SELECT * FROM `node` WHERE ( `nid` = 15 ) LIMIT 1   [ RunTime:0.000221s ]
SQL: SELECT control,action,linkurl FROM node WHERE nid='17' [ RunTime:0.000219s ]
NOTIC: [8] Undefined offset: 2 E:\wamp\www\self_admin\ThinkPHP\Library\Org\Util\Breadcrumb.class.php 第 30 行.
INFO: [ view_parse ] --START--
INFO: [ template_filter ] --START--
INFO: Run Behavior\ContentReplaceBehavior [ RunTime:0.000072s ]
INFO: [ template_filter ] --END-- [ RunTime:0.000149s ]
NOTIC: [8] Undefined variable: p E:\wamp\www\self_admin\Runtime\Cache\Home\d0399d20e430dbf601062c89e13f052d.php 第 56 行.
NOTIC: [8] Undefined variable: p E:\wamp\www\self_admin\Runtime\Cache\Home\d0399d20e430dbf601062c89e13f052d.php 第 59 行.
NOTIC: [8] Undefined variable: p E:\wamp\www\self_admin\Runtime\Cache\Home\d0399d20e430dbf601062c89e13f052d.php 第 63 行.
NOTIC: [8] Undefined variable: p E:\wamp\www\self_admin\Runtime\Cache\Home\d0399d20e430dbf601062c89e13f052d.php 第 65 行.
NOTIC: [8] Undefined variable: p E:\wamp\www\self_admin\Runtime\Cache\Home\d0399d20e430dbf601062c89e13f052d.php 第 69 行.
NOTIC: [8] Undefined variable: p E:\wamp\www\self_admin\Runtime\Cache\Home\d0399d20e430dbf601062c89e13f052d.php 第 71 行.
NOTIC: [8] Undefined variable: p E:\wamp\www\self_admin\Runtime\Cache\Home\d0399d20e430dbf601062c89e13f052d.php 第 75 行.
NOTIC: [8] Undefined variable: p E:\wamp\www\self_admin\Runtime\Cache\Home\d0399d20e430dbf601062c89e13f052d.php 第 77 行.
NOTIC: [8] Undefined variable: p E:\wamp\www\self_admin\Runtime\Cache\Home\d0399d20e430dbf601062c89e13f052d.php 第 86 行.
NOTIC: [8] Undefined variable: p E:\wamp\www\self_admin\Runtime\Cache\Home\d0399d20e430dbf601062c89e13f052d.php 第 96 行.
NOTIC: [8] Undefined variable: p E:\wamp\www\self_admin\Runtime\Cache\Home\d0399d20e430dbf601062c89e13f052d.php 第 100 行.
INFO: Run Behavior\ParseTemplateBehavior [ RunTime:0.008241s ]
INFO: [ view_parse ] --END-- [ RunTime:0.008330s ]
INFO: [ view_filter ] --START--
INFO: Run Behavior\WriteHtmlCacheBehavior [ RunTime:0.000256s ]
INFO: [ view_filter ] --END-- [ RunTime:0.000339s ]
INFO: [ app_end ] --START--
INFO: Run Behavior\ShowPageTraceBehavior [ RunTime:0.000456s ]
INFO: [ app_end ] --END-- [ RunTime:0.000527s ]

[ 2014-07-23T21:49:46+08:00 ] 127.0.0.1 /index.php?m=Home&c=Product&a=index
INFO: [ app_init ] --START--
INFO: Run Behavior\BuildLiteBehavior [ RunTime:0.000022s ]
INFO: [ app_init ] --END-- [ RunTime:0.000377s ]
INFO: [ app_begin ] --START--
INFO: Run Behavior\ReadHtmlCacheBehavior [ RunTime:0.000464s ]
INFO: [ app_begin ] --END-- [ RunTime:0.000554s ]
NOTIC: [2048] Only variables should be assigned by reference E:\wamp\www\self_admin\Apps\Home\Controller\CommonController.class.php 第 15 行.
NOTIC: [2048] Only variables should be assigned by reference E:\wamp\www\self_admin\Apps\Home\Controller\CommonController.class.php 第 16 行.
SQL: SHOW COLUMNS FROM `node` [ RunTime:0.002711s ]
SQL: SELECT `nid` FROM `node` WHERE ( `control` = 'Product' ) AND ( `action` = 'index' ) LIMIT 1   [ RunTime:0.000357s ]
SQL: SELECT * FROM `node` WHERE ( `nid` = 16 ) LIMIT 1   [ RunTime:0.000312s ]
SQL: SELECT * FROM `node` WHERE ( `nid` = 15 ) LIMIT 1   [ RunTime:0.000291s ]
SQL: SELECT control,action,linkurl FROM node WHERE nid='16' [ RunTime:0.000270s ]
NOTIC: [8] Undefined offset: 2 E:\wamp\www\self_admin\ThinkPHP\Library\Org\Util\Breadcrumb.class.php 第 30 行.
NOTIC: [8] Undefined index: p E:\wamp\www\self_admin\Apps\Home\Controller\ProductController.class.php 第 13 行.
SQL: SHOW COLUMNS FROM `product` [ RunTime:0.051134s ]
SQL: SELECT * FROM `product` WHERE ( 1=1 ) ORDER BY create_time LIMIT 0,20   [ RunTime:0.000585s ]
SQL: SELECT COUNT(*) AS tp_count FROM `product` WHERE ( 1=1 ) LIMIT 1   [ RunTime:0.000398s ]
NOTIC: [2] Invalid argument supplied for foreach() E:\wamp\www\self_admin\Apps\Home\Controller\ProductController.class.php 第 33 行.
INFO: [ view_parse ] --START--
INFO: [ template_filter ] --START--
INFO: Run Behavior\ContentReplaceBehavior [ RunTime:0.000178s ]
INFO: [ template_filter ] --END-- [ RunTime:0.000404s ]
INFO: Run Behavior\ParseTemplateBehavior [ RunTime:0.029049s ]
INFO: [ view_parse ] --END-- [ RunTime:0.029227s ]
INFO: [ view_filter ] --START--
INFO: Run Behavior\WriteHtmlCacheBehavior [ RunTime:0.000391s ]
INFO: [ view_filter ] --END-- [ RunTime:0.000538s ]
INFO: [ app_end ] --START--
INFO: Run Behavior\ShowPageTraceBehavior [ RunTime:0.000806s ]
INFO: [ app_end ] --END-- [ RunTime:0.000947s ]

[ 2014-07-23T21:49:48+08:00 ] 127.0.0.1 /index.php?m=Home&c=Product&a=index
INFO: [ app_init ] --START--
INFO: Run Behavior\BuildLiteBehavior [ RunTime:0.000021s ]
INFO: [ app_init ] --END-- [ RunTime:0.000350s ]
INFO: [ app_begin ] --START--
INFO: Run Behavior\ReadHtmlCacheBehavior [ RunTime:0.000471s ]
INFO: [ app_begin ] --END-- [ RunTime:0.000559s ]
NOTIC: [2048] Only variables should be assigned by reference E:\wamp\www\self_admin\Apps\Home\Controller\CommonController.class.php 第 15 行.
NOTIC: [2048] Only variables should be assigned by reference E:\wamp\www\self_admin\Apps\Home\Controller\CommonController.class.php 第 16 行.
SQL: SHOW COLUMNS FROM `node` [ RunTime:0.002894s ]
SQL: SELECT `nid` FROM `node` WHERE ( `control` = 'Product' ) AND ( `action` = 'index' ) LIMIT 1   [ RunTime:0.000320s ]
SQL: SELECT * FROM `node` WHERE ( `nid` = 16 ) LIMIT 1   [ RunTime:0.000254s ]
SQL: SELECT * FROM `node` WHERE ( `nid` = 15 ) LIMIT 1   [ RunTime:0.000197s ]
SQL: SELECT control,action,linkurl FROM node WHERE nid='16' [ RunTime:0.000274s ]
NOTIC: [8] Undefined offset: 2 E:\wamp\www\self_admin\ThinkPHP\Library\Org\Util\Breadcrumb.class.php 第 30 行.
NOTIC: [8] Undefined index: p E:\wamp\www\self_admin\Apps\Home\Controller\ProductController.class.php 第 13 行.
SQL: SHOW COLUMNS FROM `product` [ RunTime:0.003798s ]
SQL: SELECT * FROM `product` WHERE ( 1=1 ) ORDER BY create_time LIMIT 0,20   [ RunTime:0.000344s ]
SQL: SELECT COUNT(*) AS tp_count FROM `product` WHERE ( 1=1 ) LIMIT 1   [ RunTime:0.000197s ]
NOTIC: [2] Invalid argument supplied for foreach() E:\wamp\www\self_admin\Apps\Home\Controller\ProductController.class.php 第 33 行.
INFO: [ view_parse ] --START--
INFO: [ template_filter ] --START--
INFO: Run Behavior\ContentReplaceBehavior [ RunTime:0.000071s ]
INFO: [ template_filter ] --END-- [ RunTime:0.000155s ]
INFO: Run Behavior\ParseTemplateBehavior [ RunTime:0.009609s ]
INFO: [ view_parse ] --END-- [ RunTime:0.009708s ]
INFO: [ view_filter ] --START--
INFO: Run Behavior\WriteHtmlCacheBehavior [ RunTime:0.000239s ]
INFO: [ view_filter ] --END-- [ RunTime:0.000311s ]
INFO: [ app_end ] --START--
INFO: Run Behavior\ShowPageTraceBehavior [ RunTime:0.000456s ]
INFO: [ app_end ] --END-- [ RunTime:0.000530s ]

[ 2014-07-23T21:49:50+08:00 ] 127.0.0.1 /index.php?m=Home&c=Product&a=detail&product_id=3
INFO: [ app_init ] --START--
INFO: Run Behavior\BuildLiteBehavior [ RunTime:0.000029s ]
INFO: [ app_init ] --END-- [ RunTime:0.000380s ]
INFO: [ app_begin ] --START--
INFO: Run Behavior\ReadHtmlCacheBehavior [ RunTime:0.000573s ]
INFO: [ app_begin ] --END-- [ RunTime:0.000688s ]
NOTIC: [2048] Only variables should be assigned by reference E:\wamp\www\self_admin\Apps\Home\Controller\CommonController.class.php 第 15 行.
NOTIC: [2048] Only variables should be assigned by reference E:\wamp\www\self_admin\Apps\Home\Controller\CommonController.class.php 第 16 行.
SQL: SHOW COLUMNS FROM `node` [ RunTime:0.002764s ]
SQL: SELECT `nid` FROM `node` WHERE ( `control` = 'Product' ) AND ( `action` = 'detail' ) LIMIT 1   [ RunTime:0.000256s ]
SQL: SHOW COLUMNS FROM `product` [ RunTime:0.002723s ]
SQL: SELECT * FROM `product` LIMIT 1   [ RunTime:0.000279s ]
SQL: SELECT pa.product_attr_id,ao.option_name,av.value_name FROM product_attribute AS pa 
					   LEFT JOIN attribute_option AS ao ON pa.option_id=ao.option_id 
					   LEFT JOIN attribute_value AS av ON pa.value_id=av.value_id 
					   WHERE pa.product_id=3 ORDER BY ao.option_sort,av.value_sort [ RunTime:0.074400s ]
NOTIC: [8] Undefined offset: 2 E:\wamp\www\self_admin\ThinkPHP\Library\Org\Util\Breadcrumb.class.php 第 30 行.
INFO: [ view_parse ] --START--
INFO: [ template_filter ] --START--
INFO: Run Behavior\ContentReplaceBehavior [ RunTime:0.000066s ]
INFO: [ template_filter ] --END-- [ RunTime:0.000149s ]
INFO: Run Behavior\ParseTemplateBehavior [ RunTime:0.020135s ]
INFO: [ view_parse ] --END-- [ RunTime:0.020225s ]
INFO: [ view_filter ] --START--
INFO: Run Behavior\WriteHtmlCacheBehavior [ RunTime:0.000197s ]
INFO: [ view_filter ] --END-- [ RunTime:0.000271s ]
INFO: [ app_end ] --START--
INFO: Run Behavior\ShowPageTraceBehavior [ RunTime:0.000400s ]
INFO: [ app_end ] --END-- [ RunTime:0.000469s ]

[ 2014-07-23T21:49:55+08:00 ] 127.0.0.1 /index.php?m=Home&c=Product&a=edit&product_id=3
INFO: [ app_init ] --START--
INFO: Run Behavior\BuildLiteBehavior [ RunTime:0.000032s ]
INFO: [ app_init ] --END-- [ RunTime:0.000376s ]
INFO: [ app_begin ] --START--
INFO: Run Behavior\ReadHtmlCacheBehavior [ RunTime:0.000472s ]
INFO: [ app_begin ] --END-- [ RunTime:0.000562s ]
NOTIC: [2048] Only variables should be assigned by reference E:\wamp\www\self_admin\Apps\Home\Controller\CommonController.class.php 第 15 行.
NOTIC: [2048] Only variables should be assigned by reference E:\wamp\www\self_admin\Apps\Home\Controller\CommonController.class.php 第 16 行.
SQL: SHOW COLUMNS FROM `node` [ RunTime:0.002851s ]
SQL: SELECT `nid` FROM `node` WHERE ( `control` = 'Product' ) AND ( `action` = 'edit' ) LIMIT 1   [ RunTime:0.000258s ]
SQL: SELECT * FROM `node` WHERE ( `nid` = 18 ) LIMIT 1   [ RunTime:0.000211s ]
SQL: SELECT * FROM `node` WHERE ( `nid` = 16 ) LIMIT 1   [ RunTime:0.000190s ]
SQL: SELECT * FROM `node` WHERE ( `nid` = 15 ) LIMIT 1   [ RunTime:0.000187s ]
SQL: SELECT control,action,linkurl FROM node WHERE nid='16' [ RunTime:0.000289s ]
SQL: SELECT control,action,linkurl FROM node WHERE nid='18' [ RunTime:0.000181s ]
NOTIC: [8] Undefined offset: 3 E:\wamp\www\self_admin\ThinkPHP\Library\Org\Util\Breadcrumb.class.php 第 30 行.
SQL: SHOW COLUMNS FROM `product` [ RunTime:0.002705s ]
SQL: SELECT * FROM `product` WHERE ( product_id=3 ) LIMIT 1   [ RunTime:0.000284s ]
INFO: [ view_parse ] --START--
INFO: [ template_filter ] --START--
INFO: Run Behavior\ContentReplaceBehavior [ RunTime:0.000075s ]
INFO: [ template_filter ] --END-- [ RunTime:0.000156s ]
INFO: Run Behavior\ParseTemplateBehavior [ RunTime:0.008538s ]
INFO: [ view_parse ] --END-- [ RunTime:0.008651s ]
INFO: [ view_filter ] --START--
INFO: Run Behavior\WriteHtmlCacheBehavior [ RunTime:0.000196s ]
INFO: [ view_filter ] --END-- [ RunTime:0.000269s ]
INFO: [ app_end ] --START--
INFO: Run Behavior\ShowPageTraceBehavior [ RunTime:0.000401s ]
INFO: [ app_end ] --END-- [ RunTime:0.000469s ]

[ 2014-07-23T21:50:19+08:00 ] 127.0.0.1 /index.php?m=Home&c=Product&a=index
INFO: [ app_init ] --START--
INFO: Run Behavior\BuildLiteBehavior [ RunTime:0.000023s ]
INFO: [ app_init ] --END-- [ RunTime:0.000443s ]
INFO: [ app_begin ] --START--
INFO: Run Behavior\ReadHtmlCacheBehavior [ RunTime:0.000476s ]
INFO: [ app_begin ] --END-- [ RunTime:0.000588s ]
NOTIC: [2048] Only variables should be assigned by reference E:\wamp\www\self_admin\Apps\Home\Controller\CommonController.class.php 第 15 行.
NOTIC: [2048] Only variables should be assigned by reference E:\wamp\www\self_admin\Apps\Home\Controller\CommonController.class.php 第 16 行.
SQL: SHOW COLUMNS FROM `node` [ RunTime:0.002785s ]
SQL: SELECT `nid` FROM `node` WHERE ( `control` = 'Product' ) AND ( `action` = 'index' ) LIMIT 1   [ RunTime:0.000275s ]
SQL: SELECT * FROM `node` WHERE ( `nid` = 16 ) LIMIT 1   [ RunTime:0.000231s ]
SQL: SELECT * FROM `node` WHERE ( `nid` = 15 ) LIMIT 1   [ RunTime:0.000221s ]
SQL: SELECT control,action,linkurl FROM node WHERE nid='16' [ RunTime:0.000277s ]
NOTIC: [8] Undefined offset: 2 E:\wamp\www\self_admin\ThinkPHP\Library\Org\Util\Breadcrumb.class.php 第 30 行.
NOTIC: [8] Undefined index: p E:\wamp\www\self_admin\Apps\Home\Controller\ProductController.class.php 第 13 行.
SQL: SHOW COLUMNS FROM `product` [ RunTime:0.003221s ]
SQL: SELECT * FROM `product` WHERE ( 1=1 ) ORDER BY create_time LIMIT 0,20   [ RunTime:0.000318s ]
SQL: SELECT COUNT(*) AS tp_count FROM `product` WHERE ( 1=1 ) LIMIT 1   [ RunTime:0.000184s ]
NOTIC: [2] Invalid argument supplied for foreach() E:\wamp\www\self_admin\Apps\Home\Controller\ProductController.class.php 第 33 行.
INFO: [ view_parse ] --START--
INFO: [ template_filter ] --START--
INFO: Run Behavior\ContentReplaceBehavior [ RunTime:0.000070s ]
INFO: [ template_filter ] --END-- [ RunTime:0.000146s ]
INFO: Run Behavior\ParseTemplateBehavior [ RunTime:0.009413s ]
INFO: [ view_parse ] --END-- [ RunTime:0.009510s ]
INFO: [ view_filter ] --START--
INFO: Run Behavior\WriteHtmlCacheBehavior [ RunTime:0.000223s ]
INFO: [ view_filter ] --END-- [ RunTime:0.000298s ]
INFO: [ app_end ] --START--
INFO: Run Behavior\ShowPageTraceBehavior [ RunTime:0.000454s ]
INFO: [ app_end ] --END-- [ RunTime:0.000573s ]

[ 2014-07-23T21:50:21+08:00 ] 127.0.0.1 /index.php?m=Home&c=Order&a=add
INFO: [ app_init ] --START--
INFO: Run Behavior\BuildLiteBehavior [ RunTime:0.000021s ]
INFO: [ app_init ] --END-- [ RunTime:0.000377s ]
INFO: [ app_begin ] --START--
INFO: Run Behavior\ReadHtmlCacheBehavior [ RunTime:0.000557s ]
INFO: [ app_begin ] --END-- [ RunTime:0.000706s ]
NOTIC: [2048] Only variables should be assigned by reference E:\wamp\www\self_admin\Apps\Home\Controller\CommonController.class.php 第 15 行.
NOTIC: [2048] Only variables should be assigned by reference E:\wamp\www\self_admin\Apps\Home\Controller\CommonController.class.php 第 16 行.
SQL: SHOW COLUMNS FROM `node` [ RunTime:0.003836s ]
SQL: SELECT `nid` FROM `node` WHERE ( `control` = 'Order' ) AND ( `action` = 'add' ) LIMIT 1   [ RunTime:0.000281s ]
SQL: SELECT * FROM `node` WHERE ( `nid` = 6 ) LIMIT 1   [ RunTime:0.000213s ]
SQL: SELECT * FROM `node` WHERE ( `nid` = 4 ) LIMIT 1   [ RunTime:0.000228s ]
SQL: SELECT control,action,linkurl FROM node WHERE nid='6' [ RunTime:0.000319s ]
NOTIC: [8] Undefined offset: 2 E:\wamp\www\self_admin\ThinkPHP\Library\Org\Util\Breadcrumb.class.php 第 30 行.
SQL: SHOW COLUMNS FROM `order_status` [ RunTime:0.002911s ]
SQL: SELECT `status_id`,`status_name` FROM `order_status`  [ RunTime:0.000338s ]
NOTIC: [8] Undefined index: order_products E:\wamp\www\self_admin\Apps\Home\Controller\OrderController.class.php 第 56 行.
INFO: [ view_parse ] --START--
INFO: [ template_filter ] --START--
INFO: Run Behavior\ContentReplaceBehavior [ RunTime:0.000119s ]
INFO: [ template_filter ] --END-- [ RunTime:0.000205s ]
INFO: Run Behavior\ParseTemplateBehavior [ RunTime:0.038208s ]
INFO: [ view_parse ] --END-- [ RunTime:0.038319s ]
INFO: [ view_filter ] --START--
INFO: Run Behavior\WriteHtmlCacheBehavior [ RunTime:0.000197s ]
INFO: [ view_filter ] --END-- [ RunTime:0.000268s ]
INFO: [ app_end ] --START--
INFO: Run Behavior\ShowPageTraceBehavior [ RunTime:0.000430s ]
INFO: [ app_end ] --END-- [ RunTime:0.000501s ]

[ 2014-07-23T21:50:21+08:00 ] 127.0.0.1 /index.php?m=Home&c=Order&a=index
INFO: [ app_init ] --START--
INFO: Run Behavior\BuildLiteBehavior [ RunTime:0.000019s ]
INFO: [ app_init ] --END-- [ RunTime:0.000330s ]
INFO: [ app_begin ] --START--
INFO: Run Behavior\ReadHtmlCacheBehavior [ RunTime:0.000405s ]
INFO: [ app_begin ] --END-- [ RunTime:0.000484s ]
NOTIC: [2048] Only variables should be assigned by reference E:\wamp\www\self_admin\Apps\Home\Controller\CommonController.class.php 第 15 行.
NOTIC: [2048] Only variables should be assigned by reference E:\wamp\www\self_admin\Apps\Home\Controller\CommonController.class.php 第 16 行.
SQL: SHOW COLUMNS FROM `node` [ RunTime:0.002789s ]
SQL: SELECT `nid` FROM `node` WHERE ( `control` = 'Order' ) AND ( `action` = 'index' ) LIMIT 1   [ RunTime:0.000247s ]
SQL: SELECT * FROM `node` WHERE ( `nid` = 5 ) LIMIT 1   [ RunTime:0.000227s ]
SQL: SELECT * FROM `node` WHERE ( `nid` = 4 ) LIMIT 1   [ RunTime:0.000203s ]
SQL: SELECT control,action,linkurl FROM node WHERE nid='5' [ RunTime:0.000197s ]
NOTIC: [8] Undefined offset: 2 E:\wamp\www\self_admin\ThinkPHP\Library\Org\Util\Breadcrumb.class.php 第 30 行.
NOTIC: [8] Undefined index: p E:\wamp\www\self_admin\Apps\Home\Controller\OrderController.class.php 第 20 行.
SQL: SHOW COLUMNS FROM `order` [ RunTime:0.002809s ]
SQL: SELECT * FROM `order` WHERE ( 1=1 ) ORDER BY create_time LIMIT 0,20   [ RunTime:0.000379s ]
SQL: SHOW COLUMNS FROM `order_status` [ RunTime:0.002405s ]
SQL: SELECT `status_id`,`status_name` FROM `order_status`  [ RunTime:0.000209s ]
SQL: SELECT `status_id`,`status_name` FROM `order_status`  [ RunTime:0.000156s ]
SQL: SELECT `status_id`,`status_name` FROM `order_status`  [ RunTime:0.000145s ]
SQL: SELECT `status_id`,`status_name` FROM `order_status`  [ RunTime:0.000140s ]
SQL: SELECT COUNT(*) AS tp_count FROM `order` WHERE ( 1=1 ) LIMIT 1   [ RunTime:0.000139s ]
NOTIC: [2] Invalid argument supplied for foreach() E:\wamp\www\self_admin\Apps\Home\Controller\OrderController.class.php 第 29 行.
SQL: SELECT `status_id`,`status_name` FROM `order_status`  [ RunTime:0.000271s ]
INFO: [ view_parse ] --START--
INFO: [ template_filter ] --START--
INFO: Run Behavior\ContentReplaceBehavior [ RunTime:0.000070s ]
INFO: [ template_filter ] --END-- [ RunTime:0.000155s ]
NOTIC: [8] Undefined index: order_no E:\wamp\www\self_admin\Runtime\Cache\Home\576f6d943f7c6bbf96c9fcfc1d1d147e.php 第 54 行.
NOTIC: [8] Undefined index: order_status E:\wamp\www\self_admin\Runtime\Cache\Home\576f6d943f7c6bbf96c9fcfc1d1d147e.php 第 58 行.
NOTIC: [8] Undefined index: order_status E:\wamp\www\self_admin\Runtime\Cache\Home\576f6d943f7c6bbf96c9fcfc1d1d147e.php 第 58 行.
NOTIC: [8] Undefined index: order_status E:\wamp\www\self_admin\Runtime\Cache\Home\576f6d943f7c6bbf96c9fcfc1d1d147e.php 第 58 行.
NOTIC: [8] Undefined index: customer_name E:\wamp\www\self_admin\Runtime\Cache\Home\576f6d943f7c6bbf96c9fcfc1d1d147e.php 第 60 行.
NOTIC: [8] Undefined index: customer_email E:\wamp\www\self_admin\Runtime\Cache\Home\576f6d943f7c6bbf96c9fcfc1d1d147e.php 第 61 行.
INFO: Run Behavior\ParseTemplateBehavior [ RunTime:0.011196s ]
INFO: [ view_parse ] --END-- [ RunTime:0.011286s ]
INFO: [ view_filter ] --START--
INFO: Run Behavior\WriteHtmlCacheBehavior [ RunTime:0.000200s ]
INFO: [ view_filter ] --END-- [ RunTime:0.000272s ]
INFO: [ app_end ] --START--
INFO: Run Behavior\ShowPageTraceBehavior [ RunTime:0.000399s ]
INFO: [ app_end ] --END-- [ RunTime:0.000471s ]

