[ 2014-06-24T21:15:40+08:00 ] 127.0.0.1 /
INFO: [ app_init ] --START--
INFO: Run Behavior\BuildLiteBehavior [ RunTime:0.000034s ]
INFO: [ app_init ] --END-- [ RunTime:0.000628s ]
INFO: [ app_begin ] --START--
INFO: Run Behavior\ReadHtmlCacheBehavior [ RunTime:0.000572s ]
INFO: [ app_begin ] --END-- [ RunTime:0.000665s ]
INFO: [ view_parse ] --START--
INFO: [ template_filter ] --START--
INFO: Run Behavior\ContentReplaceBehavior [ RunTime:0.000047s ]
INFO: [ template_filter ] --END-- [ RunTime:0.000133s ]
INFO: Run Behavior\ParseTemplateBehavior [ RunTime:0.006260s ]
INFO: [ view_parse ] --END-- [ RunTime:0.006339s ]
INFO: [ view_filter ] --START--
INFO: Run Behavior\WriteHtmlCacheBehavior [ RunTime:0.000290s ]
INFO: [ view_filter ] --END-- [ RunTime:0.000415s ]
INFO: [ app_end ] --START--
INFO: Run Behavior\ShowPageTraceBehavior [ RunTime:0.000748s ]
INFO: [ app_end ] --END-- [ RunTime:0.000848s ]

[ 2014-06-24T21:15:40+08:00 ] 127.0.0.1 /index.php?m=Home&c=Index&a=header
INFO: [ app_init ] --START--
INFO: Run Behavior\BuildLiteBehavior [ RunTime:0.000065s ]
INFO: [ app_init ] --END-- [ RunTime:0.001106s ]
INFO: [ app_begin ] --START--
INFO: Run Behavior\ReadHtmlCacheBehavior [ RunTime:0.000640s ]
INFO: [ app_begin ] --END-- [ RunTime:0.000794s ]
INFO: [ view_parse ] --START--
INFO: [ template_filter ] --START--
INFO: Run Behavior\ContentReplaceBehavior [ RunTime:0.000078s ]
INFO: [ template_filter ] --END-- [ RunTime:0.000439s ]
INFO: Run Behavior\ParseTemplateBehavior [ RunTime:0.008799s ]
INFO: [ view_parse ] --END-- [ RunTime:0.008952s ]
INFO: [ view_filter ] --START--
INFO: Run Behavior\WriteHtmlCacheBehavior [ RunTime:0.000322s ]
INFO: [ view_filter ] --END-- [ RunTime:0.000455s ]
INFO: [ app_end ] --START--
INFO: Run Behavior\ShowPageTraceBehavior [ RunTime:0.000703s ]
INFO: [ app_end ] --END-- [ RunTime:0.000845s ]

[ 2014-06-24T21:15:40+08:00 ] 127.0.0.1 /index.php?m=Home&c=Index&a=spe
INFO: [ app_init ] --START--
INFO: Run Behavior\BuildLiteBehavior [ RunTime:0.000036s ]
INFO: [ app_init ] --END-- [ RunTime:0.000583s ]
INFO: [ app_begin ] --START--
INFO: Run Behavior\ReadHtmlCacheBehavior [ RunTime:0.000800s ]
INFO: [ app_begin ] --END-- [ RunTime:0.000939s ]
INFO: [ view_parse ] --START--
INFO: [ template_filter ] --START--
INFO: Run Behavior\ContentReplaceBehavior [ RunTime:0.000046s ]
INFO: [ template_filter ] --END-- [ RunTime:0.000134s ]
INFO: Run Behavior\ParseTemplateBehavior [ RunTime:0.006277s ]
INFO: [ view_parse ] --END-- [ RunTime:0.006395s ]
INFO: [ view_filter ] --START--
INFO: Run Behavior\WriteHtmlCacheBehavior [ RunTime:0.000315s ]
INFO: [ view_filter ] --END-- [ RunTime:0.000389s ]
INFO: [ app_end ] --START--
INFO: Run Behavior\ShowPageTraceBehavior [ RunTime:0.000656s ]
INFO: [ app_end ] --END-- [ RunTime:0.000780s ]

[ 2014-06-24T21:15:40+08:00 ] 127.0.0.1 /index.php?m=Home&c=Index&a=left
INFO: [ app_init ] --START--
INFO: Run Behavior\BuildLiteBehavior [ RunTime:0.000032s ]
INFO: [ app_init ] --END-- [ RunTime:0.001663s ]
INFO: [ app_begin ] --START--
INFO: Run Behavior\ReadHtmlCacheBehavior [ RunTime:0.000801s ]
INFO: [ app_begin ] --END-- [ RunTime:0.000945s ]
INFO: [ view_parse ] --START--
INFO: [ template_filter ] --START--
INFO: Run Behavior\ContentReplaceBehavior [ RunTime:0.000119s ]
INFO: [ template_filter ] --END-- [ RunTime:0.000273s ]
INFO: Run Behavior\ParseTemplateBehavior [ RunTime:0.010924s ]
INFO: [ view_parse ] --END-- [ RunTime:0.011081s ]
INFO: [ view_filter ] --START--
INFO: Run Behavior\WriteHtmlCacheBehavior [ RunTime:0.000477s ]
INFO: [ view_filter ] --END-- [ RunTime:0.000599s ]
INFO: [ app_end ] --START--
INFO: Run Behavior\ShowPageTraceBehavior [ RunTime:0.000813s ]
INFO: [ app_end ] --END-- [ RunTime:0.000945s ]

[ 2014-06-24T21:15:40+08:00 ] 127.0.0.1 /index.php?m=Home&c=Index&a=footer
INFO: [ app_init ] --START--
INFO: Run Behavior\BuildLiteBehavior [ RunTime:0.000029s ]
INFO: [ app_init ] --END-- [ RunTime:0.000554s ]
INFO: [ app_begin ] --START--
INFO: Run Behavior\ReadHtmlCacheBehavior [ RunTime:0.000757s ]
INFO: [ app_begin ] --END-- [ RunTime:0.000858s ]
INFO: [ view_parse ] --START--
INFO: [ template_filter ] --START--
INFO: Run Behavior\ContentReplaceBehavior [ RunTime:0.000045s ]
INFO: [ template_filter ] --END-- [ RunTime:0.000132s ]
INFO: Run Behavior\ParseTemplateBehavior [ RunTime:0.006194s ]
INFO: [ view_parse ] --END-- [ RunTime:0.006326s ]
INFO: [ view_filter ] --START--
INFO: Run Behavior\WriteHtmlCacheBehavior [ RunTime:0.000307s ]
INFO: [ view_filter ] --END-- [ RunTime:0.000373s ]
INFO: [ app_end ] --START--
INFO: Run Behavior\ShowPageTraceBehavior [ RunTime:0.000533s ]
INFO: [ app_end ] --END-- [ RunTime:0.000612s ]

[ 2014-06-24T21:15:40+08:00 ] 127.0.0.1 /index.php?m=Home&c=Index&a=main
INFO: [ app_init ] --START--
INFO: Run Behavior\BuildLiteBehavior [ RunTime:0.000028s ]
INFO: [ app_init ] --END-- [ RunTime:0.000686s ]
INFO: [ app_begin ] --START--
INFO: Run Behavior\ReadHtmlCacheBehavior [ RunTime:0.000895s ]
INFO: [ app_begin ] --END-- [ RunTime:0.001028s ]
NOTIC: [8] Use of undefined constant WEB_ROOT - assumed 'WEB_ROOT' E:\wamp\www\self_admin\Apps\Home\Controller\IndexController.class.php 第 33 行.
INFO: [ view_parse ] --START--
INFO: [ template_filter ] --START--
INFO: Run Behavior\ContentReplaceBehavior [ RunTime:0.000066s ]
INFO: [ template_filter ] --END-- [ RunTime:0.000163s ]
INFO: Run Behavior\ParseTemplateBehavior [ RunTime:0.009432s ]
INFO: [ view_parse ] --END-- [ RunTime:0.009551s ]
INFO: [ view_filter ] --START--
INFO: Run Behavior\WriteHtmlCacheBehavior [ RunTime:0.000308s ]
INFO: [ view_filter ] --END-- [ RunTime:0.000385s ]
INFO: [ app_end ] --START--
INFO: Run Behavior\ShowPageTraceBehavior [ RunTime:0.000528s ]
INFO: [ app_end ] --END-- [ RunTime:0.000606s ]

[ 2014-06-24T21:15:43+08:00 ] 127.0.0.1 /index.php?c=order&a=add
INFO: [ app_init ] --START--
INFO: Run Behavior\BuildLiteBehavior [ RunTime:0.000035s ]
INFO: [ app_init ] --END-- [ RunTime:0.000556s ]
INFO: [ app_begin ] --START--
INFO: Run Behavior\ReadHtmlCacheBehavior [ RunTime:0.000686s ]
INFO: [ app_begin ] --END-- [ RunTime:0.000818s ]
NOTIC: [2048] Only variables should be assigned by reference E:\wamp\www\self_admin\Apps\Home\Controller\CommonController.class.php 第 20 行.
NOTIC: [2048] Only variables should be assigned by reference E:\wamp\www\self_admin\Apps\Home\Controller\CommonController.class.php 第 21 行.
NOTIC: [8] Undefined index: order_products E:\wamp\www\self_admin\Apps\Home\Controller\OrderController.class.php 第 10 行.
INFO: [ view_parse ] --START--
INFO: [ template_filter ] --START--
INFO: Run Behavior\ContentReplaceBehavior [ RunTime:0.000163s ]
INFO: [ template_filter ] --END-- [ RunTime:0.000310s ]
INFO: Run Behavior\ParseTemplateBehavior [ RunTime:0.013782s ]
INFO: [ view_parse ] --END-- [ RunTime:0.013873s ]
INFO: [ view_filter ] --START--
INFO: Run Behavior\WriteHtmlCacheBehavior [ RunTime:0.000202s ]
INFO: [ view_filter ] --END-- [ RunTime:0.000268s ]
INFO: [ app_end ] --START--
INFO: Run Behavior\ShowPageTraceBehavior [ RunTime:0.000410s ]
INFO: [ app_end ] --END-- [ RunTime:0.000477s ]

[ 2014-06-24T21:23:07+08:00 ] 127.0.0.1 /index.php?c=order&a=add
INFO: [ app_init ] --START--
INFO: Run Behavior\BuildLiteBehavior [ RunTime:0.000022s ]
INFO: [ app_init ] --END-- [ RunTime:0.000394s ]
INFO: [ app_begin ] --START--
INFO: Run Behavior\ReadHtmlCacheBehavior [ RunTime:0.000563s ]
INFO: [ app_begin ] --END-- [ RunTime:0.000648s ]
NOTIC: [2048] Only variables should be assigned by reference E:\wamp\www\self_admin\Apps\Home\Controller\CommonController.class.php 第 20 行.
NOTIC: [2048] Only variables should be assigned by reference E:\wamp\www\self_admin\Apps\Home\Controller\CommonController.class.php 第 21 行.
NOTIC: [8] Undefined index: order_products E:\wamp\www\self_admin\Apps\Home\Controller\OrderController.class.php 第 10 行.
INFO: [ view_parse ] --START--
INFO: [ template_filter ] --START--
INFO: Run Behavior\ContentReplaceBehavior [ RunTime:0.000109s ]
INFO: [ template_filter ] --END-- [ RunTime:0.000190s ]
INFO: Run Behavior\ParseTemplateBehavior [ RunTime:0.013584s ]
INFO: [ view_parse ] --END-- [ RunTime:0.013674s ]
INFO: [ view_filter ] --START--
INFO: Run Behavior\WriteHtmlCacheBehavior [ RunTime:0.000337s ]
INFO: [ view_filter ] --END-- [ RunTime:0.000406s ]
INFO: [ app_end ] --START--
INFO: Run Behavior\ShowPageTraceBehavior [ RunTime:0.000504s ]
INFO: [ app_end ] --END-- [ RunTime:0.000581s ]

[ 2014-06-24T21:25:03+08:00 ] 127.0.0.1 /index.php?m=Home&c=Order&a=product_add
INFO: [ app_init ] --START--
INFO: Run Behavior\BuildLiteBehavior [ RunTime:0.000024s ]
INFO: [ app_init ] --END-- [ RunTime:0.000407s ]
INFO: [ app_begin ] --START--
INFO: Run Behavior\ReadHtmlCacheBehavior [ RunTime:0.000658s ]
INFO: [ app_begin ] --END-- [ RunTime:0.000780s ]
NOTIC: [2048] Only variables should be assigned by reference E:\wamp\www\self_admin\Apps\Home\Controller\CommonController.class.php 第 20 行.
NOTIC: [2048] Only variables should be assigned by reference E:\wamp\www\self_admin\Apps\Home\Controller\CommonController.class.php 第 21 行.

[ 2014-06-24T21:25:03+08:00 ] 127.0.0.1 /index.php?m=Home&c=Order&a=add
INFO: [ app_init ] --START--
INFO: Run Behavior\BuildLiteBehavior [ RunTime:0.000023s ]
INFO: [ app_init ] --END-- [ RunTime:0.000350s ]
INFO: [ app_begin ] --START--
INFO: Run Behavior\ReadHtmlCacheBehavior [ RunTime:0.000421s ]
INFO: [ app_begin ] --END-- [ RunTime:0.000495s ]
NOTIC: [2048] Only variables should be assigned by reference E:\wamp\www\self_admin\Apps\Home\Controller\CommonController.class.php 第 20 行.
NOTIC: [2048] Only variables should be assigned by reference E:\wamp\www\self_admin\Apps\Home\Controller\CommonController.class.php 第 21 行.
INFO: [ view_parse ] --START--
INFO: [ template_filter ] --START--
INFO: Run Behavior\ContentReplaceBehavior [ RunTime:0.000107s ]
INFO: [ template_filter ] --END-- [ RunTime:0.000188s ]
INFO: Run Behavior\ParseTemplateBehavior [ RunTime:0.013189s ]
INFO: [ view_parse ] --END-- [ RunTime:0.013299s ]
INFO: [ view_filter ] --START--
INFO: Run Behavior\WriteHtmlCacheBehavior [ RunTime:0.000195s ]
INFO: [ view_filter ] --END-- [ RunTime:0.000259s ]
INFO: [ app_end ] --START--
INFO: Run Behavior\ShowPageTraceBehavior [ RunTime:0.000406s ]
INFO: [ app_end ] --END-- [ RunTime:0.000472s ]

[ 2014-06-24T21:42:11+08:00 ] 127.0.0.1 /index.php?m=Home&c=Order&a=add
INFO: [ app_init ] --START--
INFO: Run Behavior\BuildLiteBehavior [ RunTime:0.000041s ]
INFO: [ app_init ] --END-- [ RunTime:0.000717s ]
INFO: [ app_begin ] --START--
INFO: Run Behavior\ReadHtmlCacheBehavior [ RunTime:0.001085s ]
INFO: [ app_begin ] --END-- [ RunTime:0.001236s ]
NOTIC: [2048] Only variables should be assigned by reference E:\wamp\www\self_admin\Apps\Home\Controller\CommonController.class.php 第 20 行.
NOTIC: [2048] Only variables should be assigned by reference E:\wamp\www\self_admin\Apps\Home\Controller\CommonController.class.php 第 21 行.
INFO: [ view_parse ] --START--
INFO: [ template_filter ] --START--
INFO: Run Behavior\ContentReplaceBehavior [ RunTime:0.000133s ]
INFO: [ template_filter ] --END-- [ RunTime:0.000231s ]
INFO: Run Behavior\ParseTemplateBehavior [ RunTime:0.025309s ]
INFO: [ view_parse ] --END-- [ RunTime:0.025452s ]
INFO: [ view_filter ] --START--
INFO: Run Behavior\WriteHtmlCacheBehavior [ RunTime:0.000374s ]
INFO: [ view_filter ] --END-- [ RunTime:0.000455s ]
INFO: [ app_end ] --START--
INFO: Run Behavior\ShowPageTraceBehavior [ RunTime:0.000603s ]
INFO: [ app_end ] --END-- [ RunTime:0.000696s ]

[ 2014-06-24T21:45:53+08:00 ] 127.0.0.1 /index.php?m=Home&c=Order&a=add
INFO: [ app_init ] --START--
INFO: Run Behavior\BuildLiteBehavior [ RunTime:0.000047s ]
INFO: [ app_init ] --END-- [ RunTime:0.000925s ]
INFO: [ app_begin ] --START--
INFO: Run Behavior\ReadHtmlCacheBehavior [ RunTime:0.000812s ]
INFO: [ app_begin ] --END-- [ RunTime:0.000937s ]
NOTIC: [2048] Only variables should be assigned by reference E:\wamp\www\self_admin\Apps\Home\Controller\CommonController.class.php 第 20 行.
NOTIC: [2048] Only variables should be assigned by reference E:\wamp\www\self_admin\Apps\Home\Controller\CommonController.class.php 第 21 行.
INFO: [ view_parse ] --START--
INFO: [ template_filter ] --START--
INFO: Run Behavior\ContentReplaceBehavior [ RunTime:0.000110s ]
INFO: [ template_filter ] --END-- [ RunTime:0.000200s ]
INFO: Run Behavior\ParseTemplateBehavior [ RunTime:0.014175s ]
INFO: [ view_parse ] --END-- [ RunTime:0.014255s ]
INFO: [ view_filter ] --START--
INFO: Run Behavior\WriteHtmlCacheBehavior [ RunTime:0.000287s ]
INFO: [ view_filter ] --END-- [ RunTime:0.000350s ]
INFO: [ app_end ] --START--
INFO: Run Behavior\ShowPageTraceBehavior [ RunTime:0.000495s ]
INFO: [ app_end ] --END-- [ RunTime:0.000561s ]

[ 2014-06-24T21:46:18+08:00 ] 127.0.0.1 /index.php?m=Home&c=Order&a=add
INFO: [ app_init ] --START--
INFO: Run Behavior\BuildLiteBehavior [ RunTime:0.000040s ]
INFO: [ app_init ] --END-- [ RunTime:0.000712s ]
INFO: [ app_begin ] --START--
INFO: Run Behavior\ReadHtmlCacheBehavior [ RunTime:0.000845s ]
INFO: [ app_begin ] --END-- [ RunTime:0.000994s ]
NOTIC: [2048] Only variables should be assigned by reference E:\wamp\www\self_admin\Apps\Home\Controller\CommonController.class.php 第 20 行.
NOTIC: [2048] Only variables should be assigned by reference E:\wamp\www\self_admin\Apps\Home\Controller\CommonController.class.php 第 21 行.
INFO: [ view_parse ] --START--
INFO: [ template_filter ] --START--
INFO: Run Behavior\ContentReplaceBehavior [ RunTime:0.000110s ]
INFO: [ template_filter ] --END-- [ RunTime:0.000195s ]
INFO: Run Behavior\ParseTemplateBehavior [ RunTime:0.019095s ]
INFO: [ view_parse ] --END-- [ RunTime:0.019245s ]
INFO: [ view_filter ] --START--
INFO: Run Behavior\WriteHtmlCacheBehavior [ RunTime:0.000322s ]
INFO: [ view_filter ] --END-- [ RunTime:0.000433s ]
INFO: [ app_end ] --START--
INFO: Run Behavior\ShowPageTraceBehavior [ RunTime:0.000511s ]
INFO: [ app_end ] --END-- [ RunTime:0.000597s ]

[ 2014-06-24T21:48:47+08:00 ] 127.0.0.1 /index.php?m=Home&c=Order&a=insert
INFO: [ app_init ] --START--
INFO: Run Behavior\BuildLiteBehavior [ RunTime:0.000024s ]
INFO: [ app_init ] --END-- [ RunTime:0.000597s ]
INFO: [ app_begin ] --START--
INFO: Run Behavior\ReadHtmlCacheBehavior [ RunTime:0.000716s ]
INFO: [ app_begin ] --END-- [ RunTime:0.000837s ]
NOTIC: [2048] Only variables should be assigned by reference E:\wamp\www\self_admin\Apps\Home\Controller\CommonController.class.php 第 20 行.
NOTIC: [2048] Only variables should be assigned by reference E:\wamp\www\self_admin\Apps\Home\Controller\CommonController.class.php 第 21 行.
NOTIC: [2] in_array() expects parameter 2 to be array, boolean given E:\wamp\www\self_admin\ThinkPHP\Library\Think\Model.class.php 第 906 行.
NOTIC: [2] in_array() expects parameter 2 to be array, boolean given E:\wamp\www\self_admin\ThinkPHP\Library\Think\Model.class.php 第 906 行.
NOTIC: [2] in_array() expects parameter 2 to be array, boolean given E:\wamp\www\self_admin\ThinkPHP\Library\Think\Model.class.php 第 906 行.
NOTIC: [2] in_array() expects parameter 2 to be array, boolean given E:\wamp\www\self_admin\ThinkPHP\Library\Think\Model.class.php 第 906 行.
NOTIC: [2] in_array() expects parameter 2 to be array, boolean given E:\wamp\www\self_admin\ThinkPHP\Library\Think\Model.class.php 第 906 行.
NOTIC: [2] in_array() expects parameter 2 to be array, boolean given E:\wamp\www\self_admin\ThinkPHP\Library\Think\Model.class.php 第 906 行.
NOTIC: [2] in_array() expects parameter 2 to be array, boolean given E:\wamp\www\self_admin\ThinkPHP\Library\Think\Model.class.php 第 906 行.
NOTIC: [2] in_array() expects parameter 2 to be array, boolean given E:\wamp\www\self_admin\ThinkPHP\Library\Think\Model.class.php 第 906 行.
NOTIC: [2] in_array() expects parameter 2 to be array, boolean given E:\wamp\www\self_admin\ThinkPHP\Library\Think\Model.class.php 第 906 行.
NOTIC: [2] in_array() expects parameter 2 to be array, boolean given E:\wamp\www\self_admin\ThinkPHP\Library\Think\Model.class.php 第 906 行.
NOTIC: [2] in_array() expects parameter 2 to be array, boolean given E:\wamp\www\self_admin\ThinkPHP\Library\Think\Model.class.php 第 906 行.
NOTIC: [2] in_array() expects parameter 2 to be array, boolean given E:\wamp\www\self_admin\ThinkPHP\Library\Think\Model.class.php 第 906 行.
NOTIC: [2] in_array() expects parameter 2 to be array, boolean given E:\wamp\www\self_admin\ThinkPHP\Library\Think\Model.class.php 第 906 行.
NOTIC: [2] in_array() expects parameter 2 to be array, boolean given E:\wamp\www\self_admin\ThinkPHP\Library\Think\Model.class.php 第 906 行.
NOTIC: [2] in_array() expects parameter 2 to be array, boolean given E:\wamp\www\self_admin\ThinkPHP\Library\Think\Model.class.php 第 906 行.
NOTIC: [2] in_array() expects parameter 2 to be array, boolean given E:\wamp\www\self_admin\ThinkPHP\Library\Think\Model.class.php 第 906 行.

[ 2014-06-24T21:49:56+08:00 ] 127.0.0.1 /index.php?m=Home&c=Order&a=insert
INFO: [ app_init ] --START--
INFO: Run Behavior\BuildLiteBehavior [ RunTime:0.000028s ]
INFO: [ app_init ] --END-- [ RunTime:0.000501s ]
INFO: [ app_begin ] --START--
INFO: Run Behavior\ReadHtmlCacheBehavior [ RunTime:0.000487s ]
INFO: [ app_begin ] --END-- [ RunTime:0.000580s ]
NOTIC: [2048] Only variables should be assigned by reference E:\wamp\www\self_admin\Apps\Home\Controller\CommonController.class.php 第 20 行.
NOTIC: [2048] Only variables should be assigned by reference E:\wamp\www\self_admin\Apps\Home\Controller\CommonController.class.php 第 21 行.
SQL: SHOW COLUMNS FROM `order` [ RunTime:0.018594s ]

[ 2014-06-24T21:50:16+08:00 ] 127.0.0.1 /index.php?m=Home&c=Order&a=insert
INFO: [ app_init ] --START--
INFO: Run Behavior\BuildLiteBehavior [ RunTime:0.000024s ]
INFO: [ app_init ] --END-- [ RunTime:0.000431s ]
INFO: [ app_begin ] --START--
INFO: Run Behavior\ReadHtmlCacheBehavior [ RunTime:0.000433s ]
INFO: [ app_begin ] --END-- [ RunTime:0.000514s ]
NOTIC: [2048] Only variables should be assigned by reference E:\wamp\www\self_admin\Apps\Home\Controller\CommonController.class.php 第 20 行.
NOTIC: [2048] Only variables should be assigned by reference E:\wamp\www\self_admin\Apps\Home\Controller\CommonController.class.php 第 21 行.
NOTIC: [8] Undefined variable: order E:\wamp\www\self_admin\Apps\Home\Controller\OrderController.class.php 第 20 行.

[ 2014-06-24T21:50:23+08:00 ] 127.0.0.1 /index.php?m=Home&c=Order&a=insert
INFO: [ app_init ] --START--
INFO: Run Behavior\BuildLiteBehavior [ RunTime:0.000023s ]
INFO: [ app_init ] --END-- [ RunTime:0.000366s ]
INFO: [ app_begin ] --START--
INFO: Run Behavior\ReadHtmlCacheBehavior [ RunTime:0.000405s ]
INFO: [ app_begin ] --END-- [ RunTime:0.000491s ]
NOTIC: [2048] Only variables should be assigned by reference E:\wamp\www\self_admin\Apps\Home\Controller\CommonController.class.php 第 20 行.
NOTIC: [2048] Only variables should be assigned by reference E:\wamp\www\self_admin\Apps\Home\Controller\CommonController.class.php 第 21 行.
NOTIC: [2] in_array() expects parameter 2 to be array, boolean given E:\wamp\www\self_admin\ThinkPHP\Library\Think\Model.class.php 第 906 行.
NOTIC: [2] in_array() expects parameter 2 to be array, boolean given E:\wamp\www\self_admin\ThinkPHP\Library\Think\Model.class.php 第 906 行.
NOTIC: [2] in_array() expects parameter 2 to be array, boolean given E:\wamp\www\self_admin\ThinkPHP\Library\Think\Model.class.php 第 906 行.
NOTIC: [2] in_array() expects parameter 2 to be array, boolean given E:\wamp\www\self_admin\ThinkPHP\Library\Think\Model.class.php 第 906 行.
NOTIC: [2] in_array() expects parameter 2 to be array, boolean given E:\wamp\www\self_admin\ThinkPHP\Library\Think\Model.class.php 第 906 行.
NOTIC: [2] in_array() expects parameter 2 to be array, boolean given E:\wamp\www\self_admin\ThinkPHP\Library\Think\Model.class.php 第 906 行.
NOTIC: [2] in_array() expects parameter 2 to be array, boolean given E:\wamp\www\self_admin\ThinkPHP\Library\Think\Model.class.php 第 906 行.
NOTIC: [2] in_array() expects parameter 2 to be array, boolean given E:\wamp\www\self_admin\ThinkPHP\Library\Think\Model.class.php 第 906 行.
NOTIC: [2] in_array() expects parameter 2 to be array, boolean given E:\wamp\www\self_admin\ThinkPHP\Library\Think\Model.class.php 第 906 行.
NOTIC: [2] in_array() expects parameter 2 to be array, boolean given E:\wamp\www\self_admin\ThinkPHP\Library\Think\Model.class.php 第 906 行.
NOTIC: [2] in_array() expects parameter 2 to be array, boolean given E:\wamp\www\self_admin\ThinkPHP\Library\Think\Model.class.php 第 906 行.
NOTIC: [2] in_array() expects parameter 2 to be array, boolean given E:\wamp\www\self_admin\ThinkPHP\Library\Think\Model.class.php 第 906 行.
NOTIC: [2] in_array() expects parameter 2 to be array, boolean given E:\wamp\www\self_admin\ThinkPHP\Library\Think\Model.class.php 第 906 行.
NOTIC: [2] in_array() expects parameter 2 to be array, boolean given E:\wamp\www\self_admin\ThinkPHP\Library\Think\Model.class.php 第 906 行.
NOTIC: [2] in_array() expects parameter 2 to be array, boolean given E:\wamp\www\self_admin\ThinkPHP\Library\Think\Model.class.php 第 906 行.
NOTIC: [2] in_array() expects parameter 2 to be array, boolean given E:\wamp\www\self_admin\ThinkPHP\Library\Think\Model.class.php 第 906 行.

[ 2014-06-24T21:51:07+08:00 ] 127.0.0.1 /index.php?m=Home&c=Order&a=insert
INFO: [ app_init ] --START--
INFO: Run Behavior\BuildLiteBehavior [ RunTime:0.000021s ]
INFO: [ app_init ] --END-- [ RunTime:0.000375s ]
INFO: [ app_begin ] --START--
INFO: Run Behavior\ReadHtmlCacheBehavior [ RunTime:0.000517s ]
INFO: [ app_begin ] --END-- [ RunTime:0.000593s ]
NOTIC: [2048] Only variables should be assigned by reference E:\wamp\www\self_admin\Apps\Home\Controller\CommonController.class.php 第 20 行.
NOTIC: [2048] Only variables should be assigned by reference E:\wamp\www\self_admin\Apps\Home\Controller\CommonController.class.php 第 21 行.
SQL: SHOW COLUMNS FROM `order` [ RunTime:0.003048s ]

[ 2014-06-24T21:56:23+08:00 ] 127.0.0.1 /index.php?m=Home&c=Order&a=insert
INFO: [ app_init ] --START--
INFO: Run Behavior\BuildLiteBehavior [ RunTime:0.000024s ]
INFO: [ app_init ] --END-- [ RunTime:0.000447s ]
INFO: [ app_begin ] --START--
INFO: Run Behavior\ReadHtmlCacheBehavior [ RunTime:0.000654s ]
INFO: [ app_begin ] --END-- [ RunTime:0.000749s ]
NOTIC: [2048] Only variables should be assigned by reference E:\wamp\www\self_admin\Apps\Home\Controller\CommonController.class.php 第 20 行.
NOTIC: [2048] Only variables should be assigned by reference E:\wamp\www\self_admin\Apps\Home\Controller\CommonController.class.php 第 21 行.
SQL: SHOW COLUMNS FROM `order` [ RunTime:0.003181s ]

[ 2014-06-24T21:56:44+08:00 ] 127.0.0.1 /index.php?m=Home&c=Order&a=insert
INFO: [ app_init ] --START--
INFO: Run Behavior\BuildLiteBehavior [ RunTime:0.000024s ]
INFO: [ app_init ] --END-- [ RunTime:0.000400s ]
INFO: [ app_begin ] --START--
INFO: Run Behavior\ReadHtmlCacheBehavior [ RunTime:0.000700s ]
INFO: [ app_begin ] --END-- [ RunTime:0.000840s ]
NOTIC: [2048] Only variables should be assigned by reference E:\wamp\www\self_admin\Apps\Home\Controller\CommonController.class.php 第 20 行.
NOTIC: [2048] Only variables should be assigned by reference E:\wamp\www\self_admin\Apps\Home\Controller\CommonController.class.php 第 21 行.
SQL: SHOW COLUMNS FROM `order` [ RunTime:0.003231s ]

[ 2014-06-24T21:56:53+08:00 ] 127.0.0.1 /index.php?m=Home&c=Order&a=insert
INFO: [ app_init ] --START--
INFO: Run Behavior\BuildLiteBehavior [ RunTime:0.000025s ]
INFO: [ app_init ] --END-- [ RunTime:0.000404s ]
INFO: [ app_begin ] --START--
INFO: Run Behavior\ReadHtmlCacheBehavior [ RunTime:0.000487s ]
INFO: [ app_begin ] --END-- [ RunTime:0.000585s ]
NOTIC: [2048] Only variables should be assigned by reference E:\wamp\www\self_admin\Apps\Home\Controller\CommonController.class.php 第 20 行.
NOTIC: [2048] Only variables should be assigned by reference E:\wamp\www\self_admin\Apps\Home\Controller\CommonController.class.php 第 21 行.
SQL: SHOW COLUMNS FROM `order` [ RunTime:0.002880s ]

[ 2014-06-24T21:57:00+08:00 ] 127.0.0.1 /index.php?m=Home&c=Order&a=insert
INFO: [ app_init ] --START--
INFO: Run Behavior\BuildLiteBehavior [ RunTime:0.000022s ]
INFO: [ app_init ] --END-- [ RunTime:0.000396s ]
INFO: [ app_begin ] --START--
INFO: Run Behavior\ReadHtmlCacheBehavior [ RunTime:0.000467s ]
INFO: [ app_begin ] --END-- [ RunTime:0.000559s ]
NOTIC: [2048] Only variables should be assigned by reference E:\wamp\www\self_admin\Apps\Home\Controller\CommonController.class.php 第 20 行.
NOTIC: [2048] Only variables should be assigned by reference E:\wamp\www\self_admin\Apps\Home\Controller\CommonController.class.php 第 21 行.
SQL: SHOW COLUMNS FROM `order` [ RunTime:0.003183s ]

[ 2014-06-24T21:59:01+08:00 ] 127.0.0.1 /index.php?m=Home&c=Order&a=insert
INFO: [ app_init ] --START--
INFO: Run Behavior\BuildLiteBehavior [ RunTime:0.000025s ]
INFO: [ app_init ] --END-- [ RunTime:0.000462s ]
INFO: [ app_begin ] --START--
INFO: Run Behavior\ReadHtmlCacheBehavior [ RunTime:0.000604s ]
INFO: [ app_begin ] --END-- [ RunTime:0.000700s ]
NOTIC: [2048] Only variables should be assigned by reference E:\wamp\www\self_admin\Apps\Home\Controller\CommonController.class.php 第 20 行.
NOTIC: [2048] Only variables should be assigned by reference E:\wamp\www\self_admin\Apps\Home\Controller\CommonController.class.php 第 21 行.
SQL: SHOW COLUMNS FROM `order` [ RunTime:0.002915s ]

[ 2014-06-24T22:00:27+08:00 ] 127.0.0.1 /index.php?m=Home&c=Order&a=insert
INFO: [ app_init ] --START--
INFO: Run Behavior\BuildLiteBehavior [ RunTime:0.000024s ]
INFO: [ app_init ] --END-- [ RunTime:0.000369s ]
INFO: [ app_begin ] --START--
INFO: Run Behavior\ReadHtmlCacheBehavior [ RunTime:0.000510s ]
INFO: [ app_begin ] --END-- [ RunTime:0.000602s ]
NOTIC: [2048] Only variables should be assigned by reference E:\wamp\www\self_admin\Apps\Home\Controller\CommonController.class.php 第 20 行.
NOTIC: [2048] Only variables should be assigned by reference E:\wamp\www\self_admin\Apps\Home\Controller\CommonController.class.php 第 21 行.
SQL: SHOW COLUMNS FROM `order` [ RunTime:0.003031s ]

[ 2014-06-24T22:02:54+08:00 ] 127.0.0.1 /index.php?m=Home&c=Order&a=insert
INFO: [ app_init ] --START--
INFO: Run Behavior\BuildLiteBehavior [ RunTime:0.000035s ]
INFO: [ app_init ] --END-- [ RunTime:0.000666s ]
INFO: [ app_begin ] --START--
INFO: Run Behavior\ReadHtmlCacheBehavior [ RunTime:0.000877s ]
INFO: [ app_begin ] --END-- [ RunTime:0.001021s ]
NOTIC: [2048] Only variables should be assigned by reference E:\wamp\www\self_admin\Apps\Home\Controller\CommonController.class.php 第 20 行.
NOTIC: [2048] Only variables should be assigned by reference E:\wamp\www\self_admin\Apps\Home\Controller\CommonController.class.php 第 21 行.
SQL: SHOW COLUMNS FROM `order` [ RunTime:0.002953s ]

[ 2014-06-24T22:09:34+08:00 ] 127.0.0.1 /index.php?m=Home&c=Order&a=add
INFO: [ app_init ] --START--
INFO: Run Behavior\BuildLiteBehavior [ RunTime:0.000025s ]
INFO: [ app_init ] --END-- [ RunTime:0.000478s ]
INFO: [ app_begin ] --START--
INFO: Run Behavior\ReadHtmlCacheBehavior [ RunTime:0.000659s ]
INFO: [ app_begin ] --END-- [ RunTime:0.000752s ]
NOTIC: [2048] Only variables should be assigned by reference E:\wamp\www\self_admin\Apps\Home\Controller\CommonController.class.php 第 20 行.
NOTIC: [2048] Only variables should be assigned by reference E:\wamp\www\self_admin\Apps\Home\Controller\CommonController.class.php 第 21 行.
INFO: [ view_parse ] --START--
INFO: [ template_filter ] --START--
INFO: Run Behavior\ContentReplaceBehavior [ RunTime:0.000130s ]
INFO: [ template_filter ] --END-- [ RunTime:0.000227s ]
INFO: Run Behavior\ParseTemplateBehavior [ RunTime:0.017001s ]
INFO: [ view_parse ] --END-- [ RunTime:0.017095s ]
INFO: [ view_filter ] --START--
INFO: Run Behavior\WriteHtmlCacheBehavior [ RunTime:0.000348s ]
INFO: [ view_filter ] --END-- [ RunTime:0.000424s ]
INFO: [ app_end ] --START--
INFO: Run Behavior\ShowPageTraceBehavior [ RunTime:0.000634s ]
INFO: [ app_end ] --END-- [ RunTime:0.000747s ]

[ 2014-06-24T22:09:39+08:00 ] 127.0.0.1 /index.php?m=Home&c=Order&a=insert
INFO: [ app_init ] --START--
INFO: Run Behavior\BuildLiteBehavior [ RunTime:0.000024s ]
INFO: [ app_init ] --END-- [ RunTime:0.000438s ]
INFO: [ app_begin ] --START--
INFO: Run Behavior\ReadHtmlCacheBehavior [ RunTime:0.000461s ]
INFO: [ app_begin ] --END-- [ RunTime:0.000557s ]
NOTIC: [2048] Only variables should be assigned by reference E:\wamp\www\self_admin\Apps\Home\Controller\CommonController.class.php 第 20 行.
NOTIC: [2048] Only variables should be assigned by reference E:\wamp\www\self_admin\Apps\Home\Controller\CommonController.class.php 第 21 行.
SQL: SHOW COLUMNS FROM `order` [ RunTime:0.003037s ]

[ 2014-06-24T22:17:55+08:00 ] 127.0.0.1 /index.php?m=Home&c=Order&a=insert
INFO: [ app_init ] --START--
INFO: Run Behavior\BuildLiteBehavior [ RunTime:0.000024s ]
INFO: [ app_init ] --END-- [ RunTime:0.000433s ]
INFO: [ app_begin ] --START--
INFO: Run Behavior\ReadHtmlCacheBehavior [ RunTime:0.000686s ]
INFO: [ app_begin ] --END-- [ RunTime:0.000782s ]
NOTIC: [2048] Only variables should be assigned by reference E:\wamp\www\self_admin\Apps\Home\Controller\CommonController.class.php 第 20 行.
NOTIC: [2048] Only variables should be assigned by reference E:\wamp\www\self_admin\Apps\Home\Controller\CommonController.class.php 第 21 行.
SQL: SHOW COLUMNS FROM `order` [ RunTime:0.003138s ]

[ 2014-06-24T22:18:08+08:00 ] 127.0.0.1 /index.php?m=Home&c=Order&a=add
INFO: [ app_init ] --START--
INFO: Run Behavior\BuildLiteBehavior [ RunTime:0.000039s ]
INFO: [ app_init ] --END-- [ RunTime:0.000711s ]
INFO: [ app_begin ] --START--
INFO: Run Behavior\ReadHtmlCacheBehavior [ RunTime:0.000834s ]
INFO: [ app_begin ] --END-- [ RunTime:0.000982s ]
NOTIC: [2048] Only variables should be assigned by reference E:\wamp\www\self_admin\Apps\Home\Controller\CommonController.class.php 第 20 行.
NOTIC: [2048] Only variables should be assigned by reference E:\wamp\www\self_admin\Apps\Home\Controller\CommonController.class.php 第 21 行.
INFO: [ view_parse ] --START--
INFO: [ template_filter ] --START--
INFO: Run Behavior\ContentReplaceBehavior [ RunTime:0.000112s ]
INFO: [ template_filter ] --END-- [ RunTime:0.000199s ]
INFO: Run Behavior\ParseTemplateBehavior [ RunTime:0.018052s ]
INFO: [ view_parse ] --END-- [ RunTime:0.018174s ]
INFO: [ view_filter ] --START--
INFO: Run Behavior\WriteHtmlCacheBehavior [ RunTime:0.000362s ]
INFO: [ view_filter ] --END-- [ RunTime:0.000432s ]
INFO: [ app_end ] --START--
INFO: Run Behavior\ShowPageTraceBehavior [ RunTime:0.000532s ]
INFO: [ app_end ] --END-- [ RunTime:0.000600s ]

[ 2014-06-24T22:18:11+08:00 ] 127.0.0.1 /index.php?m=Home&c=Order&a=insert
INFO: [ app_init ] --START--
INFO: Run Behavior\BuildLiteBehavior [ RunTime:0.000034s ]
INFO: [ app_init ] --END-- [ RunTime:0.000452s ]
INFO: [ app_begin ] --START--
INFO: Run Behavior\ReadHtmlCacheBehavior [ RunTime:0.000488s ]
INFO: [ app_begin ] --END-- [ RunTime:0.000595s ]
NOTIC: [2048] Only variables should be assigned by reference E:\wamp\www\self_admin\Apps\Home\Controller\CommonController.class.php 第 20 行.
NOTIC: [2048] Only variables should be assigned by reference E:\wamp\www\self_admin\Apps\Home\Controller\CommonController.class.php 第 21 行.
SQL: SHOW COLUMNS FROM `order` [ RunTime:0.002952s ]

[ 2014-06-24T22:19:01+08:00 ] 127.0.0.1 /index.php?m=Home&c=Order&a=insert
INFO: [ app_init ] --START--
INFO: Run Behavior\BuildLiteBehavior [ RunTime:0.000023s ]
INFO: [ app_init ] --END-- [ RunTime:0.000389s ]
INFO: [ app_begin ] --START--
INFO: Run Behavior\ReadHtmlCacheBehavior [ RunTime:0.000476s ]
INFO: [ app_begin ] --END-- [ RunTime:0.000593s ]
NOTIC: [2048] Only variables should be assigned by reference E:\wamp\www\self_admin\Apps\Home\Controller\CommonController.class.php 第 20 行.
NOTIC: [2048] Only variables should be assigned by reference E:\wamp\www\self_admin\Apps\Home\Controller\CommonController.class.php 第 21 行.
SQL: SHOW COLUMNS FROM `order` [ RunTime:0.002950s ]

[ 2014-06-24T22:19:20+08:00 ] 127.0.0.1 /index.php?m=Home&c=Order&a=insert
INFO: [ app_init ] --START--
INFO: Run Behavior\BuildLiteBehavior [ RunTime:0.000035s ]
INFO: [ app_init ] --END-- [ RunTime:0.000411s ]
INFO: [ app_begin ] --START--
INFO: Run Behavior\ReadHtmlCacheBehavior [ RunTime:0.000472s ]
INFO: [ app_begin ] --END-- [ RunTime:0.000564s ]
NOTIC: [2048] Only variables should be assigned by reference E:\wamp\www\self_admin\Apps\Home\Controller\CommonController.class.php 第 20 行.
NOTIC: [2048] Only variables should be assigned by reference E:\wamp\www\self_admin\Apps\Home\Controller\CommonController.class.php 第 21 行.
SQL: SHOW COLUMNS FROM `order` [ RunTime:0.002919s ]

[ 2014-06-24T22:19:43+08:00 ] 127.0.0.1 /index.php?m=Home&c=Order&a=insert
INFO: [ app_init ] --START--
INFO: Run Behavior\BuildLiteBehavior [ RunTime:0.000034s ]
INFO: [ app_init ] --END-- [ RunTime:0.000566s ]
INFO: [ app_begin ] --START--
INFO: Run Behavior\ReadHtmlCacheBehavior [ RunTime:0.000697s ]
INFO: [ app_begin ] --END-- [ RunTime:0.000836s ]
NOTIC: [2048] Only variables should be assigned by reference E:\wamp\www\self_admin\Apps\Home\Controller\CommonController.class.php 第 20 行.
NOTIC: [2048] Only variables should be assigned by reference E:\wamp\www\self_admin\Apps\Home\Controller\CommonController.class.php 第 21 行.
SQL: SHOW COLUMNS FROM `order` [ RunTime:0.003182s ]

[ 2014-06-24T22:26:51+08:00 ] 127.0.0.1 /index.php?m=Home&c=Order&a=insert
INFO: [ app_init ] --START--
INFO: Run Behavior\BuildLiteBehavior [ RunTime:0.000024s ]
INFO: [ app_init ] --END-- [ RunTime:0.000449s ]
INFO: [ app_begin ] --START--
INFO: Run Behavior\ReadHtmlCacheBehavior [ RunTime:0.000663s ]
INFO: [ app_begin ] --END-- [ RunTime:0.000791s ]
NOTIC: [2048] Only variables should be assigned by reference E:\wamp\www\self_admin\Apps\Home\Controller\CommonController.class.php 第 20 行.
NOTIC: [2048] Only variables should be assigned by reference E:\wamp\www\self_admin\Apps\Home\Controller\CommonController.class.php 第 21 行.
SQL: SHOW COLUMNS FROM `order` [ RunTime:0.003000s ]

[ 2014-06-24T22:29:10+08:00 ] 127.0.0.1 /index.php?m=Home&c=Order&a=insert
INFO: [ app_init ] --START--
INFO: Run Behavior\BuildLiteBehavior [ RunTime:0.000024s ]
INFO: [ app_init ] --END-- [ RunTime:0.000427s ]
INFO: [ app_begin ] --START--
INFO: Run Behavior\ReadHtmlCacheBehavior [ RunTime:0.000785s ]
INFO: [ app_begin ] --END-- [ RunTime:0.000910s ]
NOTIC: [2048] Only variables should be assigned by reference E:\wamp\www\self_admin\Apps\Home\Controller\CommonController.class.php 第 20 行.
NOTIC: [2048] Only variables should be assigned by reference E:\wamp\www\self_admin\Apps\Home\Controller\CommonController.class.php 第 21 行.
SQL: SHOW COLUMNS FROM `order` [ RunTime:0.002969s ]

[ 2014-06-24T22:31:07+08:00 ] 127.0.0.1 /index.php?m=Home&c=Order&a=insert
INFO: [ app_init ] --START--
INFO: Run Behavior\BuildLiteBehavior [ RunTime:0.000023s ]
INFO: [ app_init ] --END-- [ RunTime:0.000445s ]
INFO: [ app_begin ] --START--
INFO: Run Behavior\ReadHtmlCacheBehavior [ RunTime:0.000480s ]
INFO: [ app_begin ] --END-- [ RunTime:0.000571s ]
NOTIC: [2048] Only variables should be assigned by reference E:\wamp\www\self_admin\Apps\Home\Controller\CommonController.class.php 第 20 行.
NOTIC: [2048] Only variables should be assigned by reference E:\wamp\www\self_admin\Apps\Home\Controller\CommonController.class.php 第 21 行.
SQL: SHOW COLUMNS FROM `order` [ RunTime:0.003219s ]
SQL: INSERT INTO `order` (`trade_no`,`customer_email`,`order_amount`,`customer_name`,`order_currency`,`country`,`payment_method`,`state`,`order_date`,`city`,`payment_method_code`,`address`,`shipping_method_code`,`postcode`,`shipping_fee`,`phone`,`customer_remark`,`order_no`,`shipping_method`,`create_time`) VALUES ('103266544','test@gmail.com','61.90','Janice Trader','USD','United States','信用卡','SMITHFIELD','2014-06-24','VA','credit_card','108 DOVER CT','express','23430-6145','','757-256-7014','测试','AMZ14062422310767','快递','2014-06-24 22:31:07') [ RunTime:0.000426s ]
SQL: SHOW COLUMNS FROM `order_product` [ RunTime:0.002637s ]
SQL: INSERT INTO `order_product` (`product_code`,`product_price`,`product_name`,`purchase_price`,`product_color`,`purchase_url`,`product_size`,`order_id`) VALUES ('DDFF0067','61.90','women dress','69','White','http://detail.tmall.com/item.htm?id=39059215867&amp;spm=a1z09.2.9.11.T6m35w&amp;mt=','L',1) [ RunTime:0.000384s ]
INFO: [ view_parse ] --START--
INFO: [ template_filter ] --START--
INFO: Run Behavior\ContentReplaceBehavior [ RunTime:0.000051s ]
INFO: [ template_filter ] --END-- [ RunTime:0.000136s ]
INFO: Run Behavior\ParseTemplateBehavior [ RunTime:0.025148s ]
INFO: [ view_parse ] --END-- [ RunTime:0.025245s ]
INFO: [ view_filter ] --START--
INFO: Run Behavior\WriteHtmlCacheBehavior [ RunTime:0.000270s ]
INFO: [ view_filter ] --END-- [ RunTime:0.000334s ]
INFO: [ app_end ] --START--
INFO: Run Behavior\ShowPageTraceBehavior [ RunTime:0.000500s ]
INFO: [ app_end ] --END-- [ RunTime:0.000566s ]

[ 2014-06-24T22:31:08+08:00 ] 127.0.0.1 /index.php?m=Home&c=Order&a=add
INFO: [ app_init ] --START--
INFO: Run Behavior\BuildLiteBehavior [ RunTime:0.000040s ]
INFO: [ app_init ] --END-- [ RunTime:0.000696s ]
INFO: [ app_begin ] --START--
INFO: Run Behavior\ReadHtmlCacheBehavior [ RunTime:0.000824s ]
INFO: [ app_begin ] --END-- [ RunTime:0.000978s ]
NOTIC: [2048] Only variables should be assigned by reference E:\wamp\www\self_admin\Apps\Home\Controller\CommonController.class.php 第 20 行.
NOTIC: [2048] Only variables should be assigned by reference E:\wamp\www\self_admin\Apps\Home\Controller\CommonController.class.php 第 21 行.
INFO: [ view_parse ] --START--
INFO: [ template_filter ] --START--
INFO: Run Behavior\ContentReplaceBehavior [ RunTime:0.000226s ]
INFO: [ template_filter ] --END-- [ RunTime:0.000391s ]
INFO: Run Behavior\ParseTemplateBehavior [ RunTime:0.027972s ]
INFO: [ view_parse ] --END-- [ RunTime:0.028132s ]
INFO: [ view_filter ] --START--
INFO: Run Behavior\WriteHtmlCacheBehavior [ RunTime:0.000395s ]
INFO: [ view_filter ] --END-- [ RunTime:0.000528s ]
INFO: [ app_end ] --START--
INFO: Run Behavior\ShowPageTraceBehavior [ RunTime:0.000836s ]
INFO: [ app_end ] --END-- [ RunTime:0.000972s ]

[ 2014-06-24T22:34:27+08:00 ] 127.0.0.1 /index.php?m=Home&c=Order&a=add
INFO: [ app_init ] --START--
INFO: Run Behavior\BuildLiteBehavior [ RunTime:0.000031s ]
INFO: [ app_init ] --END-- [ RunTime:0.000521s ]
INFO: [ app_begin ] --START--
INFO: Run Behavior\ReadHtmlCacheBehavior [ RunTime:0.000835s ]
INFO: [ app_begin ] --END-- [ RunTime:0.000932s ]
NOTIC: [2048] Only variables should be assigned by reference E:\wamp\www\self_admin\Apps\Home\Controller\CommonController.class.php 第 20 行.
NOTIC: [2048] Only variables should be assigned by reference E:\wamp\www\self_admin\Apps\Home\Controller\CommonController.class.php 第 21 行.
INFO: [ view_parse ] --START--
INFO: [ template_filter ] --START--
INFO: Run Behavior\ContentReplaceBehavior [ RunTime:0.000120s ]
INFO: [ template_filter ] --END-- [ RunTime:0.000212s ]
INFO: Run Behavior\ParseTemplateBehavior [ RunTime:0.016610s ]
INFO: [ view_parse ] --END-- [ RunTime:0.016703s ]
INFO: [ view_filter ] --START--
INFO: Run Behavior\WriteHtmlCacheBehavior [ RunTime:0.000555s ]
INFO: [ view_filter ] --END-- [ RunTime:0.000630s ]
INFO: [ app_end ] --START--
INFO: Run Behavior\ShowPageTraceBehavior [ RunTime:0.000773s ]
INFO: [ app_end ] --END-- [ RunTime:0.000851s ]

[ 2014-06-24T22:34:47+08:00 ] 127.0.0.1 /index.php?m=Home&c=Order&a=insert
INFO: [ app_init ] --START--
INFO: Run Behavior\BuildLiteBehavior [ RunTime:0.000020s ]
INFO: [ app_init ] --END-- [ RunTime:0.000374s ]
INFO: [ app_begin ] --START--
INFO: Run Behavior\ReadHtmlCacheBehavior [ RunTime:0.000689s ]
INFO: [ app_begin ] --END-- [ RunTime:0.000766s ]
NOTIC: [2048] Only variables should be assigned by reference E:\wamp\www\self_admin\Apps\Home\Controller\CommonController.class.php 第 20 行.
NOTIC: [2048] Only variables should be assigned by reference E:\wamp\www\self_admin\Apps\Home\Controller\CommonController.class.php 第 21 行.
SQL: SHOW COLUMNS FROM `order` [ RunTime:0.003014s ]
SQL: INSERT INTO `order` (`trade_no`,`customer_email`,`order_amount`,`customer_name`,`order_currency`,`country`,`order_status`,`state`,`order_date`,`city`,`payment_method_code`,`address`,`shipping_method_code`,`postcode`,`shipping_fee`,`phone`,`customer_remark`,`order_no`,`payment_method`,`shipping_method`,`create_time`) VALUES ('103266544','test@gmail.com','61.90','Janice Trader','USD','United States',1,'SMITHFIELD','2014-06-24','VA','credit_card','108 DOVER CT','express','23430-6145','','757-256-7014','test','AMZ14062422344724','信用卡','快递','2014-06-24 22:34:47') [ RunTime:0.000471s ]
SQL: SHOW COLUMNS FROM `order_product` [ RunTime:0.002729s ]
SQL: INSERT INTO `order_product` (`product_code`,`product_price`,`product_name`,`purchase_price`,`product_color`,`purchase_url`,`product_size`,`order_id`) VALUES ('DDFF0067','61.90','women dress','69','White','http://detail.tmall.com/item.htm?id=39059215867&amp;spm=a1z09.2.9.11.T6m35w&amp;mt=','L',1) [ RunTime:0.000363s ]
INFO: [ view_parse ] --START--
INFO: [ template_filter ] --START--
INFO: Run Behavior\ContentReplaceBehavior [ RunTime:0.000052s ]
INFO: [ template_filter ] --END-- [ RunTime:0.000139s ]
INFO: Run Behavior\ParseTemplateBehavior [ RunTime:0.006525s ]
INFO: [ view_parse ] --END-- [ RunTime:0.006609s ]
INFO: [ view_filter ] --START--
INFO: Run Behavior\WriteHtmlCacheBehavior [ RunTime:0.000477s ]
INFO: [ view_filter ] --END-- [ RunTime:0.000544s ]
INFO: [ app_end ] --START--
INFO: Run Behavior\ShowPageTraceBehavior [ RunTime:0.000704s ]
INFO: [ app_end ] --END-- [ RunTime:0.000779s ]

[ 2014-06-24T22:34:48+08:00 ] 127.0.0.1 /index.php?m=Home&c=Order&a=add
INFO: [ app_init ] --START--
INFO: Run Behavior\BuildLiteBehavior [ RunTime:0.000022s ]
INFO: [ app_init ] --END-- [ RunTime:0.000415s ]
INFO: [ app_begin ] --START--
INFO: Run Behavior\ReadHtmlCacheBehavior [ RunTime:0.000761s ]
INFO: [ app_begin ] --END-- [ RunTime:0.000842s ]
NOTIC: [2048] Only variables should be assigned by reference E:\wamp\www\self_admin\Apps\Home\Controller\CommonController.class.php 第 20 行.
NOTIC: [2048] Only variables should be assigned by reference E:\wamp\www\self_admin\Apps\Home\Controller\CommonController.class.php 第 21 行.
NOTIC: [8] Undefined index: order_products E:\wamp\www\self_admin\Apps\Home\Controller\OrderController.class.php 第 11 行.
INFO: [ view_parse ] --START--
INFO: [ template_filter ] --START--
INFO: Run Behavior\ContentReplaceBehavior [ RunTime:0.000109s ]
INFO: [ template_filter ] --END-- [ RunTime:0.000193s ]
INFO: Run Behavior\ParseTemplateBehavior [ RunTime:0.015757s ]
INFO: [ view_parse ] --END-- [ RunTime:0.015842s ]
INFO: [ view_filter ] --START--
INFO: Run Behavior\WriteHtmlCacheBehavior [ RunTime:0.000492s ]
INFO: [ view_filter ] --END-- [ RunTime:0.000559s ]
INFO: [ app_end ] --START--
INFO: Run Behavior\ShowPageTraceBehavior [ RunTime:0.000703s ]
INFO: [ app_end ] --END-- [ RunTime:0.000771s ]

[ 2014-06-24T22:35:09+08:00 ] 127.0.0.1 /index.php?c=order&a=list
INFO: [ app_init ] --START--
INFO: Run Behavior\BuildLiteBehavior [ RunTime:0.000023s ]
INFO: [ app_init ] --END-- [ RunTime:0.000442s ]
INFO: [ app_begin ] --START--
INFO: Run Behavior\ReadHtmlCacheBehavior [ RunTime:0.000810s ]
INFO: [ app_begin ] --END-- [ RunTime:0.000884s ]
NOTIC: [2048] Only variables should be assigned by reference E:\wamp\www\self_admin\Apps\Home\Controller\CommonController.class.php 第 20 行.
NOTIC: [2048] Only variables should be assigned by reference E:\wamp\www\self_admin\Apps\Home\Controller\CommonController.class.php 第 21 行.
ERR: 非法操作:list

[ 2014-06-24T22:35:50+08:00 ] 127.0.0.1 /index.php?c=order&a=list
INFO: [ app_init ] --START--
INFO: Run Behavior\BuildLiteBehavior [ RunTime:0.000023s ]
INFO: [ app_init ] --END-- [ RunTime:0.000465s ]
INFO: [ app_begin ] --START--
INFO: Run Behavior\ReadHtmlCacheBehavior [ RunTime:0.000864s ]
INFO: [ app_begin ] --END-- [ RunTime:0.000956s ]

[ 2014-06-24T22:36:01+08:00 ] 127.0.0.1 /
INFO: [ app_init ] --START--
INFO: Run Behavior\BuildLiteBehavior [ RunTime:0.000029s ]
INFO: [ app_init ] --END-- [ RunTime:0.000646s ]
INFO: [ app_begin ] --START--
INFO: Run Behavior\ReadHtmlCacheBehavior [ RunTime:0.001097s ]
INFO: [ app_begin ] --END-- [ RunTime:0.001202s ]
INFO: [ view_parse ] --START--
INFO: [ template_filter ] --START--
INFO: Run Behavior\ContentReplaceBehavior [ RunTime:0.000058s ]
INFO: [ template_filter ] --END-- [ RunTime:0.000168s ]
INFO: Run Behavior\ParseTemplateBehavior [ RunTime:0.009729s ]
INFO: [ view_parse ] --END-- [ RunTime:0.009819s ]
INFO: [ view_filter ] --START--
INFO: Run Behavior\WriteHtmlCacheBehavior [ RunTime:0.000484s ]
INFO: [ view_filter ] --END-- [ RunTime:0.000549s ]
INFO: [ app_end ] --START--
INFO: Run Behavior\ShowPageTraceBehavior [ RunTime:0.000701s ]
INFO: [ app_end ] --END-- [ RunTime:0.000770s ]

[ 2014-06-24T22:36:01+08:00 ] 127.0.0.1 /index.php?m=Home&c=Index&a=left
INFO: [ app_init ] --START--
INFO: Run Behavior\BuildLiteBehavior [ RunTime:0.000034s ]
INFO: [ app_init ] --END-- [ RunTime:0.000857s ]
INFO: [ app_begin ] --START--
INFO: Run Behavior\ReadHtmlCacheBehavior [ RunTime:0.001064s ]
INFO: [ app_begin ] --END-- [ RunTime:0.001201s ]
INFO: [ view_parse ] --START--
INFO: [ template_filter ] --START--
INFO: Run Behavior\ContentReplaceBehavior [ RunTime:0.000118s ]
INFO: [ template_filter ] --END-- [ RunTime:0.000253s ]
INFO: Run Behavior\ParseTemplateBehavior [ RunTime:0.012233s ]
INFO: [ view_parse ] --END-- [ RunTime:0.012385s ]
INFO: [ view_filter ] --START--
INFO: Run Behavior\WriteHtmlCacheBehavior [ RunTime:0.000688s ]
INFO: [ view_filter ] --END-- [ RunTime:0.000812s ]
INFO: [ app_end ] --START--
INFO: Run Behavior\ShowPageTraceBehavior [ RunTime:0.000886s ]
INFO: [ app_end ] --END-- [ RunTime:0.001002s ]

[ 2014-06-24T22:36:01+08:00 ] 127.0.0.1 /index.php?m=Home&c=Index&a=main
INFO: [ app_init ] --START--
INFO: Run Behavior\BuildLiteBehavior [ RunTime:0.000039s ]
INFO: [ app_init ] --END-- [ RunTime:0.000579s ]
INFO: [ app_begin ] --START--
INFO: Run Behavior\ReadHtmlCacheBehavior [ RunTime:0.001121s ]
INFO: [ app_begin ] --END-- [ RunTime:0.001297s ]
NOTIC: [8] Use of undefined constant WEB_ROOT - assumed 'WEB_ROOT' E:\wamp\www\self_admin\Apps\Home\Controller\IndexController.class.php 第 33 行.
INFO: [ view_parse ] --START--
INFO: [ template_filter ] --START--
INFO: Run Behavior\ContentReplaceBehavior [ RunTime:0.000062s ]
INFO: [ template_filter ] --END-- [ RunTime:0.000152s ]
INFO: Run Behavior\ParseTemplateBehavior [ RunTime:0.010043s ]
INFO: [ view_parse ] --END-- [ RunTime:0.010202s ]
INFO: [ view_filter ] --START--
INFO: Run Behavior\WriteHtmlCacheBehavior [ RunTime:0.000781s ]
INFO: [ view_filter ] --END-- [ RunTime:0.000901s ]
INFO: [ app_end ] --START--
INFO: Run Behavior\ShowPageTraceBehavior [ RunTime:0.000726s ]
INFO: [ app_end ] --END-- [ RunTime:0.000848s ]

[ 2014-06-24T22:36:01+08:00 ] 127.0.0.1 /index.php?m=Home&c=Index&a=header
INFO: [ app_init ] --START--
INFO: Run Behavior\BuildLiteBehavior [ RunTime:0.000031s ]
INFO: [ app_init ] --END-- [ RunTime:0.000616s ]
INFO: [ app_begin ] --START--
INFO: Run Behavior\ReadHtmlCacheBehavior [ RunTime:0.001034s ]
INFO: [ app_begin ] --END-- [ RunTime:0.001177s ]
INFO: [ view_parse ] --START--
INFO: [ template_filter ] --START--
INFO: Run Behavior\ContentReplaceBehavior [ RunTime:0.000049s ]
INFO: [ template_filter ] --END-- [ RunTime:0.000156s ]
INFO: Run Behavior\ParseTemplateBehavior [ RunTime:0.007009s ]
INFO: [ view_parse ] --END-- [ RunTime:0.007143s ]
INFO: [ view_filter ] --START--
INFO: Run Behavior\WriteHtmlCacheBehavior [ RunTime:0.000789s ]
INFO: [ view_filter ] --END-- [ RunTime:0.000917s ]
INFO: [ app_end ] --START--
INFO: Run Behavior\ShowPageTraceBehavior [ RunTime:0.001128s ]
INFO: [ app_end ] --END-- [ RunTime:0.001255s ]

[ 2014-06-24T22:36:01+08:00 ] 127.0.0.1 /index.php?m=Home&c=Index&a=spe
INFO: [ app_init ] --START--
INFO: Run Behavior\BuildLiteBehavior [ RunTime:0.000031s ]
INFO: [ app_init ] --END-- [ RunTime:0.000547s ]
INFO: [ app_begin ] --START--
INFO: Run Behavior\ReadHtmlCacheBehavior [ RunTime:0.001066s ]
INFO: [ app_begin ] --END-- [ RunTime:0.001220s ]
INFO: [ view_parse ] --START--
INFO: [ template_filter ] --START--
INFO: Run Behavior\ContentReplaceBehavior [ RunTime:0.000074s ]
INFO: [ template_filter ] --END-- [ RunTime:0.000189s ]
INFO: Run Behavior\ParseTemplateBehavior [ RunTime:0.007243s ]
INFO: [ view_parse ] --END-- [ RunTime:0.007378s ]
INFO: [ view_filter ] --START--
INFO: Run Behavior\WriteHtmlCacheBehavior [ RunTime:0.000750s ]
INFO: [ view_filter ] --END-- [ RunTime:0.000858s ]
INFO: [ app_end ] --START--
INFO: Run Behavior\ShowPageTraceBehavior [ RunTime:0.000781s ]
INFO: [ app_end ] --END-- [ RunTime:0.000861s ]

[ 2014-06-24T22:36:01+08:00 ] 127.0.0.1 /index.php?m=Home&c=Index&a=footer
INFO: [ app_init ] --START--
INFO: Run Behavior\BuildLiteBehavior [ RunTime:0.000028s ]
INFO: [ app_init ] --END-- [ RunTime:0.000536s ]
INFO: [ app_begin ] --START--
INFO: Run Behavior\ReadHtmlCacheBehavior [ RunTime:0.001125s ]
INFO: [ app_begin ] --END-- [ RunTime:0.001267s ]
INFO: [ view_parse ] --START--
INFO: [ template_filter ] --START--
INFO: Run Behavior\ContentReplaceBehavior [ RunTime:0.000044s ]
INFO: [ template_filter ] --END-- [ RunTime:0.000134s ]
INFO: Run Behavior\ParseTemplateBehavior [ RunTime:0.006103s ]
INFO: [ view_parse ] --END-- [ RunTime:0.006315s ]
INFO: [ view_filter ] --START--
INFO: Run Behavior\WriteHtmlCacheBehavior [ RunTime:0.000387s ]
INFO: [ view_filter ] --END-- [ RunTime:0.000491s ]
INFO: [ app_end ] --START--
INFO: Run Behavior\ShowPageTraceBehavior [ RunTime:0.000734s ]
INFO: [ app_end ] --END-- [ RunTime:0.000843s ]

[ 2014-06-24T22:36:04+08:00 ] 127.0.0.1 /index.php?c=order&a=list
INFO: [ app_init ] --START--
INFO: Run Behavior\BuildLiteBehavior [ RunTime:0.000021s ]
INFO: [ app_init ] --END-- [ RunTime:0.000400s ]
INFO: [ app_begin ] --START--
INFO: Run Behavior\ReadHtmlCacheBehavior [ RunTime:0.000684s ]
INFO: [ app_begin ] --END-- [ RunTime:0.000759s ]

[ 2014-06-24T22:36:46+08:00 ] 127.0.0.1 /index.php?c=order&a=list
INFO: [ app_init ] --START--
INFO: Run Behavior\BuildLiteBehavior [ RunTime:0.000020s ]
INFO: [ app_init ] --END-- [ RunTime:0.000368s ]
INFO: [ app_begin ] --START--
INFO: Run Behavior\ReadHtmlCacheBehavior [ RunTime:0.000693s ]
INFO: [ app_begin ] --END-- [ RunTime:0.000771s ]
NOTIC: [2048] Only variables should be assigned by reference E:\wamp\www\self_admin\Apps\Home\Controller\CommonController.class.php 第 20 行.
NOTIC: [2048] Only variables should be assigned by reference E:\wamp\www\self_admin\Apps\Home\Controller\CommonController.class.php 第 21 行.
ERR: 非法操作:list

[ 2014-06-24T22:36:48+08:00 ] 127.0.0.1 /index.php?c=order&a=list
INFO: [ app_init ] --START--
INFO: Run Behavior\BuildLiteBehavior [ RunTime:0.000031s ]
INFO: [ app_init ] --END-- [ RunTime:0.000597s ]
INFO: [ app_begin ] --START--
INFO: Run Behavior\ReadHtmlCacheBehavior [ RunTime:0.000733s ]
INFO: [ app_begin ] --END-- [ RunTime:0.000829s ]
NOTIC: [2048] Only variables should be assigned by reference E:\wamp\www\self_admin\Apps\Home\Controller\CommonController.class.php 第 20 行.
NOTIC: [2048] Only variables should be assigned by reference E:\wamp\www\self_admin\Apps\Home\Controller\CommonController.class.php 第 21 行.
ERR: 非法操作:list

[ 2014-06-24T22:36:56+08:00 ] 127.0.0.1 /
INFO: [ app_init ] --START--
INFO: Run Behavior\BuildLiteBehavior [ RunTime:0.000029s ]
INFO: [ app_init ] --END-- [ RunTime:0.000662s ]
INFO: [ app_begin ] --START--
INFO: Run Behavior\ReadHtmlCacheBehavior [ RunTime:0.001049s ]
INFO: [ app_begin ] --END-- [ RunTime:0.001180s ]
INFO: [ view_parse ] --START--
INFO: [ template_filter ] --START--
INFO: Run Behavior\ContentReplaceBehavior [ RunTime:0.000058s ]
INFO: [ template_filter ] --END-- [ RunTime:0.000161s ]
INFO: Run Behavior\ParseTemplateBehavior [ RunTime:0.009180s ]
INFO: [ view_parse ] --END-- [ RunTime:0.009298s ]
INFO: [ view_filter ] --START--
INFO: Run Behavior\WriteHtmlCacheBehavior [ RunTime:0.000657s ]
INFO: [ view_filter ] --END-- [ RunTime:0.000731s ]
INFO: [ app_end ] --START--
INFO: Run Behavior\ShowPageTraceBehavior [ RunTime:0.000748s ]
INFO: [ app_end ] --END-- [ RunTime:0.000822s ]

[ 2014-06-24T22:36:56+08:00 ] 127.0.0.1 /index.php?m=Home&c=Index&a=left
INFO: [ app_init ] --START--
INFO: Run Behavior\BuildLiteBehavior [ RunTime:0.000028s ]
INFO: [ app_init ] --END-- [ RunTime:0.000490s ]
INFO: [ app_begin ] --START--
INFO: Run Behavior\ReadHtmlCacheBehavior [ RunTime:0.000629s ]
INFO: [ app_begin ] --END-- [ RunTime:0.000755s ]
INFO: [ view_parse ] --START--
INFO: [ template_filter ] --START--
INFO: Run Behavior\ContentReplaceBehavior [ RunTime:0.000115s ]
INFO: [ template_filter ] --END-- [ RunTime:0.000242s ]
INFO: Run Behavior\ParseTemplateBehavior [ RunTime:0.009145s ]
INFO: [ view_parse ] --END-- [ RunTime:0.009289s ]
INFO: [ view_filter ] --START--
INFO: Run Behavior\WriteHtmlCacheBehavior [ RunTime:0.000274s ]
INFO: [ view_filter ] --END-- [ RunTime:0.000389s ]
INFO: [ app_end ] --START--
INFO: Run Behavior\ShowPageTraceBehavior [ RunTime:0.000443s ]
INFO: [ app_end ] --END-- [ RunTime:0.000532s ]

[ 2014-06-24T22:36:56+08:00 ] 127.0.0.1 /index.php?m=Home&c=Index&a=header
INFO: [ app_init ] --START--
INFO: Run Behavior\BuildLiteBehavior [ RunTime:0.000036s ]
INFO: [ app_init ] --END-- [ RunTime:0.000587s ]
INFO: [ app_begin ] --START--
INFO: Run Behavior\ReadHtmlCacheBehavior [ RunTime:0.001665s ]
INFO: [ app_begin ] --END-- [ RunTime:0.001808s ]
INFO: [ view_parse ] --START--
INFO: [ template_filter ] --START--
INFO: Run Behavior\ContentReplaceBehavior [ RunTime:0.000052s ]
INFO: [ template_filter ] --END-- [ RunTime:0.000156s ]
INFO: Run Behavior\ParseTemplateBehavior [ RunTime:0.006711s ]
INFO: [ view_parse ] --END-- [ RunTime:0.006815s ]
INFO: [ view_filter ] --START--
INFO: Run Behavior\WriteHtmlCacheBehavior [ RunTime:0.000502s ]
INFO: [ view_filter ] --END-- [ RunTime:0.000572s ]
INFO: [ app_end ] --START--
INFO: Run Behavior\ShowPageTraceBehavior [ RunTime:0.000775s ]
INFO: [ app_end ] --END-- [ RunTime:0.000855s ]

[ 2014-06-24T22:36:56+08:00 ] 127.0.0.1 /index.php?m=Home&c=Index&a=main
INFO: [ app_init ] --START--
INFO: Run Behavior\BuildLiteBehavior [ RunTime:0.000029s ]
INFO: [ app_init ] --END-- [ RunTime:0.000618s ]
INFO: [ app_begin ] --START--
INFO: Run Behavior\ReadHtmlCacheBehavior [ RunTime:0.001088s ]
INFO: [ app_begin ] --END-- [ RunTime:0.001231s ]
NOTIC: [8] Use of undefined constant WEB_ROOT - assumed 'WEB_ROOT' E:\wamp\www\self_admin\Apps\Home\Controller\IndexController.class.php 第 33 行.
INFO: [ view_parse ] --START--
INFO: [ template_filter ] --START--
INFO: Run Behavior\ContentReplaceBehavior [ RunTime:0.000062s ]
INFO: [ template_filter ] --END-- [ RunTime:0.000157s ]
INFO: Run Behavior\ParseTemplateBehavior [ RunTime:0.010709s ]
INFO: [ view_parse ] --END-- [ RunTime:0.010841s ]
INFO: [ view_filter ] --START--
INFO: Run Behavior\WriteHtmlCacheBehavior [ RunTime:0.000495s ]
INFO: [ view_filter ] --END-- [ RunTime:0.000562s ]
INFO: [ app_end ] --START--
INFO: Run Behavior\ShowPageTraceBehavior [ RunTime:0.000887s ]
INFO: [ app_end ] --END-- [ RunTime:0.000974s ]

[ 2014-06-24T22:36:56+08:00 ] 127.0.0.1 /index.php?m=Home&c=Index&a=footer
INFO: [ app_init ] --START--
INFO: Run Behavior\BuildLiteBehavior [ RunTime:0.000030s ]
INFO: [ app_init ] --END-- [ RunTime:0.000462s ]
INFO: [ app_begin ] --START--
INFO: Run Behavior\ReadHtmlCacheBehavior [ RunTime:0.001095s ]
INFO: [ app_begin ] --END-- [ RunTime:0.001246s ]
INFO: [ view_parse ] --START--
INFO: [ template_filter ] --START--
INFO: Run Behavior\ContentReplaceBehavior [ RunTime:0.000072s ]
INFO: [ template_filter ] --END-- [ RunTime:0.000231s ]
INFO: Run Behavior\ParseTemplateBehavior [ RunTime:0.006675s ]
INFO: [ view_parse ] --END-- [ RunTime:0.006774s ]
INFO: [ view_filter ] --START--
INFO: Run Behavior\WriteHtmlCacheBehavior [ RunTime:0.000482s ]
INFO: [ view_filter ] --END-- [ RunTime:0.000551s ]
INFO: [ app_end ] --START--
INFO: Run Behavior\ShowPageTraceBehavior [ RunTime:0.000893s ]
INFO: [ app_end ] --END-- [ RunTime:0.000997s ]

[ 2014-06-24T22:36:56+08:00 ] 127.0.0.1 /index.php?m=Home&c=Index&a=spe
INFO: [ app_init ] --START--
INFO: Run Behavior\BuildLiteBehavior [ RunTime:0.000028s ]
INFO: [ app_init ] --END-- [ RunTime:0.000603s ]
INFO: [ app_begin ] --START--
INFO: Run Behavior\ReadHtmlCacheBehavior [ RunTime:0.001159s ]
INFO: [ app_begin ] --END-- [ RunTime:0.001307s ]
INFO: [ view_parse ] --START--
INFO: [ template_filter ] --START--
INFO: Run Behavior\ContentReplaceBehavior [ RunTime:0.000050s ]
INFO: [ template_filter ] --END-- [ RunTime:0.000149s ]
INFO: Run Behavior\ParseTemplateBehavior [ RunTime:0.007062s ]
INFO: [ view_parse ] --END-- [ RunTime:0.007198s ]
INFO: [ view_filter ] --START--
INFO: Run Behavior\WriteHtmlCacheBehavior [ RunTime:0.000507s ]
INFO: [ view_filter ] --END-- [ RunTime:0.000587s ]
INFO: [ app_end ] --START--
INFO: Run Behavior\ShowPageTraceBehavior [ RunTime:0.000794s ]
INFO: [ app_end ] --END-- [ RunTime:0.000882s ]

[ 2014-06-24T22:36:59+08:00 ] 127.0.0.1 /index.php?c=order&a=index
INFO: [ app_init ] --START--
INFO: Run Behavior\BuildLiteBehavior [ RunTime:0.000021s ]
INFO: [ app_init ] --END-- [ RunTime:0.000352s ]
INFO: [ app_begin ] --START--
INFO: Run Behavior\ReadHtmlCacheBehavior [ RunTime:0.000468s ]
INFO: [ app_begin ] --END-- [ RunTime:0.000555s ]
NOTIC: [2048] Only variables should be assigned by reference E:\wamp\www\self_admin\Apps\Home\Controller\CommonController.class.php 第 20 行.
NOTIC: [2048] Only variables should be assigned by reference E:\wamp\www\self_admin\Apps\Home\Controller\CommonController.class.php 第 21 行.
INFO: [ app_end ] --START--
INFO: Run Behavior\ShowPageTraceBehavior [ RunTime:0.000420s ]
INFO: [ app_end ] --END-- [ RunTime:0.000495s ]

[ 2014-06-24T22:37:01+08:00 ] 127.0.0.1 /index.php?c=order&a=add
INFO: [ app_init ] --START--
INFO: Run Behavior\BuildLiteBehavior [ RunTime:0.000020s ]
INFO: [ app_init ] --END-- [ RunTime:0.000347s ]
INFO: [ app_begin ] --START--
INFO: Run Behavior\ReadHtmlCacheBehavior [ RunTime:0.000415s ]
INFO: [ app_begin ] --END-- [ RunTime:0.000488s ]
NOTIC: [2048] Only variables should be assigned by reference E:\wamp\www\self_admin\Apps\Home\Controller\CommonController.class.php 第 20 行.
NOTIC: [2048] Only variables should be assigned by reference E:\wamp\www\self_admin\Apps\Home\Controller\CommonController.class.php 第 21 行.
NOTIC: [8] Undefined index: order_products E:\wamp\www\self_admin\Apps\Home\Controller\OrderController.class.php 第 15 行.
INFO: [ view_parse ] --START--
INFO: [ template_filter ] --START--
INFO: Run Behavior\ContentReplaceBehavior [ RunTime:0.000110s ]
INFO: [ template_filter ] --END-- [ RunTime:0.000207s ]
INFO: Run Behavior\ParseTemplateBehavior [ RunTime:0.013419s ]
INFO: [ view_parse ] --END-- [ RunTime:0.013506s ]
INFO: [ view_filter ] --START--
INFO: Run Behavior\WriteHtmlCacheBehavior [ RunTime:0.000198s ]
INFO: [ view_filter ] --END-- [ RunTime:0.000266s ]
INFO: [ app_end ] --START--
INFO: Run Behavior\ShowPageTraceBehavior [ RunTime:0.000411s ]
INFO: [ app_end ] --END-- [ RunTime:0.000477s ]

[ 2014-06-24T22:38:43+08:00 ] 127.0.0.1 /index.php?c=order&a=add
INFO: [ app_init ] --START--
INFO: Run Behavior\BuildLiteBehavior [ RunTime:0.000024s ]
INFO: [ app_init ] --END-- [ RunTime:0.000484s ]
INFO: [ app_begin ] --START--
INFO: Run Behavior\ReadHtmlCacheBehavior [ RunTime:0.000546s ]
INFO: [ app_begin ] --END-- [ RunTime:0.000624s ]
NOTIC: [2048] Only variables should be assigned by reference E:\wamp\www\self_admin\Apps\Home\Controller\CommonController.class.php 第 20 行.
NOTIC: [2048] Only variables should be assigned by reference E:\wamp\www\self_admin\Apps\Home\Controller\CommonController.class.php 第 21 行.
NOTIC: [8] Undefined index: order_products E:\wamp\www\self_admin\Apps\Home\Controller\OrderController.class.php 第 15 行.
INFO: [ view_parse ] --START--
INFO: [ template_filter ] --START--
INFO: Run Behavior\ContentReplaceBehavior [ RunTime:0.000110s ]
INFO: [ template_filter ] --END-- [ RunTime:0.000196s ]
INFO: Run Behavior\ParseTemplateBehavior [ RunTime:0.014523s ]
INFO: [ view_parse ] --END-- [ RunTime:0.014608s ]
INFO: [ view_filter ] --START--
INFO: Run Behavior\WriteHtmlCacheBehavior [ RunTime:0.000293s ]
INFO: [ view_filter ] --END-- [ RunTime:0.000359s ]
INFO: [ app_end ] --START--
INFO: Run Behavior\ShowPageTraceBehavior [ RunTime:0.000506s ]
INFO: [ app_end ] --END-- [ RunTime:0.000573s ]

[ 2014-06-24T22:38:44+08:00 ] 127.0.0.1 /index.php?c=order&a=index
INFO: [ app_init ] --START--
INFO: Run Behavior\BuildLiteBehavior [ RunTime:0.000021s ]
INFO: [ app_init ] --END-- [ RunTime:0.000362s ]
INFO: [ app_begin ] --START--
INFO: Run Behavior\ReadHtmlCacheBehavior [ RunTime:0.000442s ]
INFO: [ app_begin ] --END-- [ RunTime:0.000520s ]
NOTIC: [2048] Only variables should be assigned by reference E:\wamp\www\self_admin\Apps\Home\Controller\CommonController.class.php 第 20 行.
NOTIC: [2048] Only variables should be assigned by reference E:\wamp\www\self_admin\Apps\Home\Controller\CommonController.class.php 第 21 行.
INFO: [ app_end ] --START--
INFO: Run Behavior\ShowPageTraceBehavior [ RunTime:0.000538s ]
INFO: [ app_end ] --END-- [ RunTime:0.000630s ]

[ 2014-06-24T22:38:44+08:00 ] 127.0.0.1 /index.php?c=order&a=add
INFO: [ app_init ] --START--
INFO: Run Behavior\BuildLiteBehavior [ RunTime:0.000020s ]
INFO: [ app_init ] --END-- [ RunTime:0.000329s ]
INFO: [ app_begin ] --START--
INFO: Run Behavior\ReadHtmlCacheBehavior [ RunTime:0.000405s ]
INFO: [ app_begin ] --END-- [ RunTime:0.000477s ]
NOTIC: [2048] Only variables should be assigned by reference E:\wamp\www\self_admin\Apps\Home\Controller\CommonController.class.php 第 20 行.
NOTIC: [2048] Only variables should be assigned by reference E:\wamp\www\self_admin\Apps\Home\Controller\CommonController.class.php 第 21 行.
NOTIC: [8] Undefined index: order_products E:\wamp\www\self_admin\Apps\Home\Controller\OrderController.class.php 第 15 行.
INFO: [ view_parse ] --START--
INFO: [ template_filter ] --START--
INFO: Run Behavior\ContentReplaceBehavior [ RunTime:0.000108s ]
INFO: [ template_filter ] --END-- [ RunTime:0.000193s ]
INFO: Run Behavior\ParseTemplateBehavior [ RunTime:0.013895s ]
INFO: [ view_parse ] --END-- [ RunTime:0.013974s ]
INFO: [ view_filter ] --START--
INFO: Run Behavior\WriteHtmlCacheBehavior [ RunTime:0.000206s ]
INFO: [ view_filter ] --END-- [ RunTime:0.000272s ]
INFO: [ app_end ] --START--
INFO: Run Behavior\ShowPageTraceBehavior [ RunTime:0.000456s ]
INFO: [ app_end ] --END-- [ RunTime:0.000522s ]

[ 2014-06-24T22:41:54+08:00 ] 127.0.0.1 /index.php?c=order&a=index
INFO: [ app_init ] --START--
INFO: Run Behavior\BuildLiteBehavior [ RunTime:0.000027s ]
INFO: [ app_init ] --END-- [ RunTime:0.000516s ]
INFO: [ app_begin ] --START--
INFO: Run Behavior\ReadHtmlCacheBehavior [ RunTime:0.000527s ]
INFO: [ app_begin ] --END-- [ RunTime:0.000602s ]
NOTIC: [2048] Only variables should be assigned by reference E:\wamp\www\self_admin\Apps\Home\Controller\CommonController.class.php 第 20 行.
NOTIC: [2048] Only variables should be assigned by reference E:\wamp\www\self_admin\Apps\Home\Controller\CommonController.class.php 第 21 行.
INFO: [ view_parse ] --START--
INFO: [ template_filter ] --START--
INFO: Run Behavior\ContentReplaceBehavior [ RunTime:0.000109s ]
INFO: [ template_filter ] --END-- [ RunTime:0.000194s ]
INFO: Run Behavior\ParseTemplateBehavior [ RunTime:0.010126s ]
INFO: [ view_parse ] --END-- [ RunTime:0.010225s ]
INFO: [ view_filter ] --START--
INFO: Run Behavior\WriteHtmlCacheBehavior [ RunTime:0.000293s ]
INFO: [ view_filter ] --END-- [ RunTime:0.000360s ]
INFO: [ app_end ] --START--
INFO: Run Behavior\ShowPageTraceBehavior [ RunTime:0.000516s ]
INFO: [ app_end ] --END-- [ RunTime:0.000584s ]

